Success (16):
content 9716 _a-0000e2cb-d2c4-8000-23f0-01ef9001ef90_44951 "PS Rules and Constants"
content 9717 _a-0000e2cb-d2c4-8000-23f0-01ef9001ef90_44956 "PS_CONS1"
content 9718 _a-0000e2cb-d2c4-8000-23f0-01ef9001ef90_44962 "PS_CONS_2"
content 9719 _a-0000e2cb-d2c4-8000-23f0-01ef9001ef90_44968 "PS_CONS_3"
content 9720 _a-0000e2cb-d2c4-8000-23f0-01ef9001ef90_45302 "PS_EMOPLOYEE"
content 9721 _a-0000e2cb-d2c4-8000-23f0-01ef9001ef90_45308 "PS_CUSOMER_1"
content 9722 _a-0000e2cb-d2c4-8000-23f0-01ef9001ef90_45468 "PS_GetEmployee"
content 9723 _a-0000e2cb-d2c4-8000-23f0-01ef9001ef90_45488 "PS_getCustomer"
content 9724 _a-0000e2cb-d2c4-8000-23f0-01ef9001ef90_45569 "PS_getUsername"
content 9725 _a-0000e2cb-d2c4-8000-23f0-01ef9001ef90_45632 "PS_uiSectionCapturePaymentDetails"
content 9726 _a-0000e2cb-d2c4-8000-23f0-01ef9001ef90_45665 "PAS_getCustomer"
content 9727 _a-0000e2cb-d2c4-8000-23f0-01ef9001ef90_45671 "PAS_getPrimaryDetails"
content 9728 _a-0000e2cb-d2c4-8000-23f0-01ef9001ef90_45677 "PAS_CUSTOMER_ID"
processModelFolder 55 _g-0000e2cb-d2c4-8000-23f0-014d98014d98_31 "PS PM folder"
processModel 542 0002e32c-345b-8000-23f0-014d98014d98 "PS_startForm"
application 9729 _a-0000e2cb-d2c4-8000-23f0-01ef9001ef90_44946 "Payment Screening"

Referenced precedents that were not exported (1):
user saikirank saikirank

Trace:
2019-09-18 13:07:43.158 DEBUG application 9729 _a-0000e2cb-d2c4-8000-23f0-01ef9001ef90_44946 Begin transport.
2019-09-18 13:07:43.158 DEBUG application 9729 _a-0000e2cb-d2c4-8000-23f0-01ef9001ef90_44946 Retrieving object data.
2019-09-18 13:07:43.163 DEBUG application 9729 _a-0000e2cb-d2c4-8000-23f0-01ef9001ef90_44946 App associated objects: [content=[_a-0000e2cb-d2c4-8000-23f0-01ef9001ef90_44951, _a-0000e2cb-d2c4-8000-23f0-01ef9001ef90_44956, _a-0000e2cb-d2c4-8000-23f0-01ef9001ef90_44962, _a-0000e2cb-d2c4-8000-23f0-01ef9001ef90_44968, _a-0000e2cb-d2c4-8000-23f0-01ef9001ef90_45302, _a-0000e2cb-d2c4-8000-23f0-01ef9001ef90_45308, _a-0000e2cb-d2c4-8000-23f0-01ef9001ef90_45468, _a-0000e2cb-d2c4-8000-23f0-01ef9001ef90_45488, _a-0000e2cb-d2c4-8000-23f0-01ef9001ef90_45569, _a-0000e2cb-d2c4-8000-23f0-01ef9001ef90_45632, _a-0000e2cb-d2c4-8000-23f0-01ef9001ef90_45665, _a-0000e2cb-d2c4-8000-23f0-01ef9001ef90_45671, _a-0000e2cb-d2c4-8000-23f0-01ef9001ef90_45677],processModelFolder=[_g-0000e2cb-d2c4-8000-23f0-014d98014d98_31],processModel=[0002e32c-345b-8000-23f0-014d98014d98]]
2019-09-18 13:07:43.171 DEBUG application 9729 _a-0000e2cb-d2c4-8000-23f0-01ef9001ef90_44946 Invalid associated objects: []
2019-09-18 13:07:43.171 DEBUG application 9729 _a-0000e2cb-d2c4-8000-23f0-01ef9001ef90_44946 Adding valid associated objects to be exported: GlobalBindingMap[content={_a-0000e2cb-d2c4-8000-23f0-01ef9001ef90_44951=9716, _a-0000e2cb-d2c4-8000-23f0-01ef9001ef90_44956=9717, _a-0000e2cb-d2c4-8000-23f0-01ef9001ef90_44962=9718, _a-0000e2cb-d2c4-8000-23f0-01ef9001ef90_44968=9719, _a-0000e2cb-d2c4-8000-23f0-01ef9001ef90_45302=9720, _a-0000e2cb-d2c4-8000-23f0-01ef9001ef90_45308=9721, _a-0000e2cb-d2c4-8000-23f0-01ef9001ef90_45468=9722, _a-0000e2cb-d2c4-8000-23f0-01ef9001ef90_45488=9723, _a-0000e2cb-d2c4-8000-23f0-01ef9001ef90_45569=9724, _a-0000e2cb-d2c4-8000-23f0-01ef9001ef90_45632=9725, _a-0000e2cb-d2c4-8000-23f0-01ef9001ef90_45665=9726, _a-0000e2cb-d2c4-8000-23f0-01ef9001ef90_45671=9727, _a-0000e2cb-d2c4-8000-23f0-01ef9001ef90_45677=9728},processModelFolder={_g-0000e2cb-d2c4-8000-23f0-014d98014d98_31=55},processModel={0002e32c-345b-8000-23f0-014d98014d98=542}]
2019-09-18 13:07:43.171 DEBUG application 9729 _a-0000e2cb-d2c4-8000-23f0-01ef9001ef90_44946 Setting uuids of object references.
2019-09-18 13:07:43.173 DEBUG application 9729 _a-0000e2cb-d2c4-8000-23f0-01ef9001ef90_44946 Processing reference: Application.forum
2019-09-18 13:07:43.174 DEBUG application 9729 _a-0000e2cb-d2c4-8000-23f0-01ef9001ef90_44946 Processing reference: Application.parent
2019-09-18 13:07:43.179 DEBUG application 9729 _a-0000e2cb-d2c4-8000-23f0-01ef9001ef90_44946 Processing reference: com.appiancorp.suiteapi.content.ContentRoleMap@3fe3afdd[
  ContentRole[name=readers,inherit=false,allowForAll=false]
  ContentRole[name=authors,inherit=false,allowForAll=false]
  ContentRole[name=administrators,usernames=[saikirank],inherit=false,allowForAll=false]
  ContentRole[name=denyReaders,inherit=false,allowForAll=false]
  ContentRole[name=denyAuthors,inherit=false,allowForAll=false]
  ContentRole[name=denyAdministrators,inherit=false,allowForAll=false]
  securityVector=129:SEC_PUBLIC=true,SEC_CREATOR_ADMIN=true,SEC_INH_ADMIN=false,SEC_INH_EDITOR=false,SEC_INH_VIEWER=false,SEC_ALL_ADMIN=false,SEC_ALL_EDITOR=false,SEC_ALL_VIEWER=false
]
2019-09-18 13:07:43.179 DEBUG application 9729 _a-0000e2cb-d2c4-8000-23f0-01ef9001ef90_44946 Processing reference: ContentRole[name=readers,inherit=false,allowForAll=false]
2019-09-18 13:07:43.179 DEBUG application 9729 _a-0000e2cb-d2c4-8000-23f0-01ef9001ef90_44946 Processing reference: ContentRole[name=authors,inherit=false,allowForAll=false]
2019-09-18 13:07:43.179 DEBUG application 9729 _a-0000e2cb-d2c4-8000-23f0-01ef9001ef90_44946 Processing reference: ContentRole[name=administrators,usernames=[saikirank],inherit=false,allowForAll=false]
2019-09-18 13:07:43.18 DEBUG application 9729 _a-0000e2cb-d2c4-8000-23f0-01ef9001ef90_44946 Processing reference: ContentRole[name=denyReaders,inherit=false,allowForAll=false]
2019-09-18 13:07:43.18 DEBUG application 9729 _a-0000e2cb-d2c4-8000-23f0-01ef9001ef90_44946 Processing reference: ContentRole[name=denyAuthors,inherit=false,allowForAll=false]
2019-09-18 13:07:43.18 DEBUG application 9729 _a-0000e2cb-d2c4-8000-23f0-01ef9001ef90_44946 Processing reference: ContentRole[name=denyAdministrators,inherit=false,allowForAll=false]
2019-09-18 13:07:43.185 DEBUG content 9716 _a-0000e2cb-d2c4-8000-23f0-01ef9001ef90_44951 Begin transport.
2019-09-18 13:07:43.185 DEBUG content 9716 _a-0000e2cb-d2c4-8000-23f0-01ef9001ef90_44951 Retrieving object data.
2019-09-18 13:07:43.198 DEBUG content 9716 _a-0000e2cb-d2c4-8000-23f0-01ef9001ef90_44951 Setting uuids of object references.
2019-09-18 13:07:43.198 DEBUG content 9716 _a-0000e2cb-d2c4-8000-23f0-01ef9001ef90_44951 Processing reference: RulesFolder.forum
2019-09-18 13:07:43.199 DEBUG content 9716 _a-0000e2cb-d2c4-8000-23f0-01ef9001ef90_44951 Processing reference: RulesFolder.parent
2019-09-18 13:07:43.203 DEBUG content 9716 _a-0000e2cb-d2c4-8000-23f0-01ef9001ef90_44951 Processing reference: com.appiancorp.suiteapi.content.ContentRoleMap@738927cf[
  ContentRole[name=readers,inherit=false,allowForAll=false]
  ContentRole[name=authors,inherit=false,allowForAll=false]
  ContentRole[name=administrators,inherit=false,allowForAll=false]
  ContentRole[name=denyReaders,inherit=false,allowForAll=false]
  ContentRole[name=denyAuthors,inherit=false,allowForAll=false]
  ContentRole[name=denyAdministrators,inherit=false,allowForAll=false]
  securityVector=1:SEC_PUBLIC=true,SEC_CREATOR_ADMIN=false,SEC_INH_ADMIN=false,SEC_INH_EDITOR=false,SEC_INH_VIEWER=false,SEC_ALL_ADMIN=false,SEC_ALL_EDITOR=false,SEC_ALL_VIEWER=false
]
2019-09-18 13:07:43.203 DEBUG content 9716 _a-0000e2cb-d2c4-8000-23f0-01ef9001ef90_44951 Processing reference: ContentRole[name=readers,inherit=false,allowForAll=false]
2019-09-18 13:07:43.203 DEBUG content 9716 _a-0000e2cb-d2c4-8000-23f0-01ef9001ef90_44951 Processing reference: ContentRole[name=authors,inherit=false,allowForAll=false]
2019-09-18 13:07:43.203 DEBUG content 9716 _a-0000e2cb-d2c4-8000-23f0-01ef9001ef90_44951 Processing reference: ContentRole[name=administrators,inherit=false,allowForAll=false]
2019-09-18 13:07:43.203 DEBUG content 9716 _a-0000e2cb-d2c4-8000-23f0-01ef9001ef90_44951 Processing reference: ContentRole[name=denyReaders,inherit=false,allowForAll=false]
2019-09-18 13:07:43.203 DEBUG content 9716 _a-0000e2cb-d2c4-8000-23f0-01ef9001ef90_44951 Processing reference: ContentRole[name=denyAuthors,inherit=false,allowForAll=false]
2019-09-18 13:07:43.203 DEBUG content 9716 _a-0000e2cb-d2c4-8000-23f0-01ef9001ef90_44951 Processing reference: ContentRole[name=denyAdministrators,inherit=false,allowForAll=false]
2019-09-18 13:07:43.204 DEBUG content 9716 _a-0000e2cb-d2c4-8000-23f0-01ef9001ef90_44951 Completing produce.
2019-09-18 13:07:43.204 DEBUG content 9716 _a-0000e2cb-d2c4-8000-23f0-01ef9001ef90_44951 Exporting binary resources.
2019-09-18 13:07:43.204 DEBUG content 9716 _a-0000e2cb-d2c4-8000-23f0-01ef9001ef90_44951 Serializing object to XML.
2019-09-18 13:07:43.204 DEBUG content 9716 _a-0000e2cb-d2c4-8000-23f0-01ef9001ef90_44951 Object transported.
2019-09-18 13:07:43.204 DEBUG content 9717 _a-0000e2cb-d2c4-8000-23f0-01ef9001ef90_44956 Begin transport.
2019-09-18 13:07:43.204 DEBUG content 9717 _a-0000e2cb-d2c4-8000-23f0-01ef9001ef90_44956 Retrieving object data.
2019-09-18 13:07:43.214 DEBUG content 9717 _a-0000e2cb-d2c4-8000-23f0-01ef9001ef90_44956 Setting uuids of object references.
2019-09-18 13:07:43.215 DEBUG content 9717 _a-0000e2cb-d2c4-8000-23f0-01ef9001ef90_44956 Processing reference: [Content:id=9717,versionId=-1,name=PS_CONS1,type=32,subtype=0,uuid=_a-0000e2cb-d2c4-8000-23f0-01ef9001ef90_44956,parent=9716]
2019-09-18 13:07:43.215 DEBUG content 9717 _a-0000e2cb-d2c4-8000-23f0-01ef9001ef90_44956 Processing reference: Constant.forum
2019-09-18 13:07:43.216 DEBUG content 9717 _a-0000e2cb-d2c4-8000-23f0-01ef9001ef90_44956 Processing reference: Constant.parent
2019-09-18 13:07:43.219 DEBUG content 9717 _a-0000e2cb-d2c4-8000-23f0-01ef9001ef90_44956 Processing reference: com.appiancorp.suiteapi.content.ContentRoleMap@323dee1[
  ContentRole[name=readers,inherit=true,allowForAll=false]
  ContentRole[name=authors,inherit=true,allowForAll=false]
  ContentRole[name=administrators,inherit=true,allowForAll=false]
  ContentRole[name=denyReaders,inherit=false,allowForAll=false]
  ContentRole[name=denyAuthors,inherit=false,allowForAll=false]
  ContentRole[name=denyAdministrators,inherit=false,allowForAll=false]
  securityVector=15:SEC_PUBLIC=true,SEC_CREATOR_ADMIN=false,SEC_INH_ADMIN=true,SEC_INH_EDITOR=true,SEC_INH_VIEWER=true,SEC_ALL_ADMIN=false,SEC_ALL_EDITOR=false,SEC_ALL_VIEWER=false
]
2019-09-18 13:07:43.219 DEBUG content 9717 _a-0000e2cb-d2c4-8000-23f0-01ef9001ef90_44956 Processing reference: ContentRole[name=readers,inherit=true,allowForAll=false]
2019-09-18 13:07:43.219 DEBUG content 9717 _a-0000e2cb-d2c4-8000-23f0-01ef9001ef90_44956 Processing reference: ContentRole[name=authors,inherit=true,allowForAll=false]
2019-09-18 13:07:43.219 DEBUG content 9717 _a-0000e2cb-d2c4-8000-23f0-01ef9001ef90_44956 Processing reference: ContentRole[name=administrators,inherit=true,allowForAll=false]
2019-09-18 13:07:43.219 DEBUG content 9717 _a-0000e2cb-d2c4-8000-23f0-01ef9001ef90_44956 Processing reference: ContentRole[name=denyReaders,inherit=false,allowForAll=false]
2019-09-18 13:07:43.22 DEBUG content 9717 _a-0000e2cb-d2c4-8000-23f0-01ef9001ef90_44956 Processing reference: ContentRole[name=denyAuthors,inherit=false,allowForAll=false]
2019-09-18 13:07:43.22 DEBUG content 9717 _a-0000e2cb-d2c4-8000-23f0-01ef9001ef90_44956 Processing reference: ContentRole[name=denyAdministrators,inherit=false,allowForAll=false]
2019-09-18 13:07:43.22 DEBUG content 9717 _a-0000e2cb-d2c4-8000-23f0-01ef9001ef90_44956 Completing produce.
2019-09-18 13:07:43.22 DEBUG content 9717 _a-0000e2cb-d2c4-8000-23f0-01ef9001ef90_44956 Exporting binary resources.
2019-09-18 13:07:43.22 DEBUG content 9717 _a-0000e2cb-d2c4-8000-23f0-01ef9001ef90_44956 Serializing object to XML.
2019-09-18 13:07:43.352 DEBUG content 9717 _a-0000e2cb-d2c4-8000-23f0-01ef9001ef90_44956 Object transported.
2019-09-18 13:07:43.352 DEBUG content 9718 _a-0000e2cb-d2c4-8000-23f0-01ef9001ef90_44962 Begin transport.
2019-09-18 13:07:43.352 DEBUG content 9718 _a-0000e2cb-d2c4-8000-23f0-01ef9001ef90_44962 Retrieving object data.
2019-09-18 13:07:43.362 DEBUG content 9718 _a-0000e2cb-d2c4-8000-23f0-01ef9001ef90_44962 Setting uuids of object references.
2019-09-18 13:07:43.362 DEBUG content 9718 _a-0000e2cb-d2c4-8000-23f0-01ef9001ef90_44962 Processing reference: [Content:id=9718,versionId=-1,name=PS_CONS_2,type=32,subtype=0,uuid=_a-0000e2cb-d2c4-8000-23f0-01ef9001ef90_44962,parent=9716]
2019-09-18 13:07:43.362 DEBUG content 9718 _a-0000e2cb-d2c4-8000-23f0-01ef9001ef90_44962 Processing reference: Constant.forum
2019-09-18 13:07:43.363 DEBUG content 9718 _a-0000e2cb-d2c4-8000-23f0-01ef9001ef90_44962 Processing reference: Constant.parent
2019-09-18 13:07:43.366 DEBUG content 9718 _a-0000e2cb-d2c4-8000-23f0-01ef9001ef90_44962 Processing reference: com.appiancorp.suiteapi.content.ContentRoleMap@2bbf4ea9[
  ContentRole[name=readers,inherit=true,allowForAll=false]
  ContentRole[name=authors,inherit=true,allowForAll=false]
  ContentRole[name=administrators,inherit=true,allowForAll=false]
  ContentRole[name=denyReaders,inherit=false,allowForAll=false]
  ContentRole[name=denyAuthors,inherit=false,allowForAll=false]
  ContentRole[name=denyAdministrators,inherit=false,allowForAll=false]
  securityVector=15:SEC_PUBLIC=true,SEC_CREATOR_ADMIN=false,SEC_INH_ADMIN=true,SEC_INH_EDITOR=true,SEC_INH_VIEWER=true,SEC_ALL_ADMIN=false,SEC_ALL_EDITOR=false,SEC_ALL_VIEWER=false
]
2019-09-18 13:07:43.366 DEBUG content 9718 _a-0000e2cb-d2c4-8000-23f0-01ef9001ef90_44962 Processing reference: ContentRole[name=readers,inherit=true,allowForAll=false]
2019-09-18 13:07:43.366 DEBUG content 9718 _a-0000e2cb-d2c4-8000-23f0-01ef9001ef90_44962 Processing reference: ContentRole[name=authors,inherit=true,allowForAll=false]
2019-09-18 13:07:43.366 DEBUG content 9718 _a-0000e2cb-d2c4-8000-23f0-01ef9001ef90_44962 Processing reference: ContentRole[name=administrators,inherit=true,allowForAll=false]
2019-09-18 13:07:43.366 DEBUG content 9718 _a-0000e2cb-d2c4-8000-23f0-01ef9001ef90_44962 Processing reference: ContentRole[name=denyReaders,inherit=false,allowForAll=false]
2019-09-18 13:07:43.366 DEBUG content 9718 _a-0000e2cb-d2c4-8000-23f0-01ef9001ef90_44962 Processing reference: ContentRole[name=denyAuthors,inherit=false,allowForAll=false]
2019-09-18 13:07:43.366 DEBUG content 9718 _a-0000e2cb-d2c4-8000-23f0-01ef9001ef90_44962 Processing reference: ContentRole[name=denyAdministrators,inherit=false,allowForAll=false]
2019-09-18 13:07:43.367 DEBUG content 9718 _a-0000e2cb-d2c4-8000-23f0-01ef9001ef90_44962 Completing produce.
2019-09-18 13:07:43.367 DEBUG content 9718 _a-0000e2cb-d2c4-8000-23f0-01ef9001ef90_44962 Exporting binary resources.
2019-09-18 13:07:43.367 DEBUG content 9718 _a-0000e2cb-d2c4-8000-23f0-01ef9001ef90_44962 Serializing object to XML.
2019-09-18 13:07:43.371 DEBUG content 9718 _a-0000e2cb-d2c4-8000-23f0-01ef9001ef90_44962 Object transported.
2019-09-18 13:07:43.371 DEBUG content 9719 _a-0000e2cb-d2c4-8000-23f0-01ef9001ef90_44968 Begin transport.
2019-09-18 13:07:43.371 DEBUG content 9719 _a-0000e2cb-d2c4-8000-23f0-01ef9001ef90_44968 Retrieving object data.
2019-09-18 13:07:43.38 DEBUG content 9719 _a-0000e2cb-d2c4-8000-23f0-01ef9001ef90_44968 Setting uuids of object references.
2019-09-18 13:07:43.38 DEBUG content 9719 _a-0000e2cb-d2c4-8000-23f0-01ef9001ef90_44968 Processing reference: [Content:id=9719,versionId=-1,name=PS_CONS_3,type=32,subtype=0,uuid=_a-0000e2cb-d2c4-8000-23f0-01ef9001ef90_44968,parent=9716]
2019-09-18 13:07:43.38 DEBUG content 9719 _a-0000e2cb-d2c4-8000-23f0-01ef9001ef90_44968 Processing reference: Constant.forum
2019-09-18 13:07:43.381 DEBUG content 9719 _a-0000e2cb-d2c4-8000-23f0-01ef9001ef90_44968 Processing reference: Constant.parent
2019-09-18 13:07:43.384 DEBUG content 9719 _a-0000e2cb-d2c4-8000-23f0-01ef9001ef90_44968 Processing reference: com.appiancorp.suiteapi.content.ContentRoleMap@2a664185[
  ContentRole[name=readers,inherit=true,allowForAll=false]
  ContentRole[name=authors,inherit=true,allowForAll=false]
  ContentRole[name=administrators,inherit=true,allowForAll=false]
  ContentRole[name=denyReaders,inherit=false,allowForAll=false]
  ContentRole[name=denyAuthors,inherit=false,allowForAll=false]
  ContentRole[name=denyAdministrators,inherit=false,allowForAll=false]
  securityVector=15:SEC_PUBLIC=true,SEC_CREATOR_ADMIN=false,SEC_INH_ADMIN=true,SEC_INH_EDITOR=true,SEC_INH_VIEWER=true,SEC_ALL_ADMIN=false,SEC_ALL_EDITOR=false,SEC_ALL_VIEWER=false
]
2019-09-18 13:07:43.384 DEBUG content 9719 _a-0000e2cb-d2c4-8000-23f0-01ef9001ef90_44968 Processing reference: ContentRole[name=readers,inherit=true,allowForAll=false]
2019-09-18 13:07:43.384 DEBUG content 9719 _a-0000e2cb-d2c4-8000-23f0-01ef9001ef90_44968 Processing reference: ContentRole[name=authors,inherit=true,allowForAll=false]
2019-09-18 13:07:43.384 DEBUG content 9719 _a-0000e2cb-d2c4-8000-23f0-01ef9001ef90_44968 Processing reference: ContentRole[name=administrators,inherit=true,allowForAll=false]
2019-09-18 13:07:43.384 DEBUG content 9719 _a-0000e2cb-d2c4-8000-23f0-01ef9001ef90_44968 Processing reference: ContentRole[name=denyReaders,inherit=false,allowForAll=false]
2019-09-18 13:07:43.384 DEBUG content 9719 _a-0000e2cb-d2c4-8000-23f0-01ef9001ef90_44968 Processing reference: ContentRole[name=denyAuthors,inherit=false,allowForAll=false]
2019-09-18 13:07:43.384 DEBUG content 9719 _a-0000e2cb-d2c4-8000-23f0-01ef9001ef90_44968 Processing reference: ContentRole[name=denyAdministrators,inherit=false,allowForAll=false]
2019-09-18 13:07:43.385 DEBUG content 9719 _a-0000e2cb-d2c4-8000-23f0-01ef9001ef90_44968 Completing produce.
2019-09-18 13:07:43.385 DEBUG content 9719 _a-0000e2cb-d2c4-8000-23f0-01ef9001ef90_44968 Exporting binary resources.
2019-09-18 13:07:43.385 DEBUG content 9719 _a-0000e2cb-d2c4-8000-23f0-01ef9001ef90_44968 Serializing object to XML.
2019-09-18 13:07:43.389 DEBUG content 9719 _a-0000e2cb-d2c4-8000-23f0-01ef9001ef90_44968 Object transported.
2019-09-18 13:07:43.389 DEBUG content 9720 _a-0000e2cb-d2c4-8000-23f0-01ef9001ef90_45302 Begin transport.
2019-09-18 13:07:43.389 DEBUG content 9720 _a-0000e2cb-d2c4-8000-23f0-01ef9001ef90_45302 Retrieving object data.
2019-09-18 13:07:43.398 DEBUG content 9720 _a-0000e2cb-d2c4-8000-23f0-01ef9001ef90_45302 Setting uuids of object references.
2019-09-18 13:07:43.398 DEBUG content 9720 _a-0000e2cb-d2c4-8000-23f0-01ef9001ef90_45302 Processing reference: [Content:id=9720,versionId=-1,name=PS_EMOPLOYEE,type=32,subtype=0,uuid=_a-0000e2cb-d2c4-8000-23f0-01ef9001ef90_45302,parent=9716]
2019-09-18 13:07:43.399 DEBUG content 9720 _a-0000e2cb-d2c4-8000-23f0-01ef9001ef90_45302 Processing reference: Constant.forum
2019-09-18 13:07:43.399 DEBUG content 9720 _a-0000e2cb-d2c4-8000-23f0-01ef9001ef90_45302 Processing reference: Constant.parent
2019-09-18 13:07:43.402 DEBUG content 9720 _a-0000e2cb-d2c4-8000-23f0-01ef9001ef90_45302 Processing reference: com.appiancorp.suiteapi.content.ContentRoleMap@51b7cc67[
  ContentRole[name=readers,inherit=true,allowForAll=false]
  ContentRole[name=authors,inherit=true,allowForAll=false]
  ContentRole[name=administrators,inherit=true,allowForAll=false]
  ContentRole[name=denyReaders,inherit=false,allowForAll=false]
  ContentRole[name=denyAuthors,inherit=false,allowForAll=false]
  ContentRole[name=denyAdministrators,inherit=false,allowForAll=false]
  securityVector=15:SEC_PUBLIC=true,SEC_CREATOR_ADMIN=false,SEC_INH_ADMIN=true,SEC_INH_EDITOR=true,SEC_INH_VIEWER=true,SEC_ALL_ADMIN=false,SEC_ALL_EDITOR=false,SEC_ALL_VIEWER=false
]
2019-09-18 13:07:43.402 DEBUG content 9720 _a-0000e2cb-d2c4-8000-23f0-01ef9001ef90_45302 Processing reference: ContentRole[name=readers,inherit=true,allowForAll=false]
2019-09-18 13:07:43.402 DEBUG content 9720 _a-0000e2cb-d2c4-8000-23f0-01ef9001ef90_45302 Processing reference: ContentRole[name=authors,inherit=true,allowForAll=false]
2019-09-18 13:07:43.402 DEBUG content 9720 _a-0000e2cb-d2c4-8000-23f0-01ef9001ef90_45302 Processing reference: ContentRole[name=administrators,inherit=true,allowForAll=false]
2019-09-18 13:07:43.402 DEBUG content 9720 _a-0000e2cb-d2c4-8000-23f0-01ef9001ef90_45302 Processing reference: ContentRole[name=denyReaders,inherit=false,allowForAll=false]
2019-09-18 13:07:43.402 DEBUG content 9720 _a-0000e2cb-d2c4-8000-23f0-01ef9001ef90_45302 Processing reference: ContentRole[name=denyAuthors,inherit=false,allowForAll=false]
2019-09-18 13:07:43.403 DEBUG content 9720 _a-0000e2cb-d2c4-8000-23f0-01ef9001ef90_45302 Processing reference: ContentRole[name=denyAdministrators,inherit=false,allowForAll=false]
2019-09-18 13:07:43.403 DEBUG content 9720 _a-0000e2cb-d2c4-8000-23f0-01ef9001ef90_45302 Completing produce.
2019-09-18 13:07:43.403 DEBUG content 9720 _a-0000e2cb-d2c4-8000-23f0-01ef9001ef90_45302 Exporting binary resources.
2019-09-18 13:07:43.403 DEBUG content 9720 _a-0000e2cb-d2c4-8000-23f0-01ef9001ef90_45302 Serializing object to XML.
2019-09-18 13:07:43.407 DEBUG content 9720 _a-0000e2cb-d2c4-8000-23f0-01ef9001ef90_45302 Object transported.
2019-09-18 13:07:43.407 DEBUG content 9721 _a-0000e2cb-d2c4-8000-23f0-01ef9001ef90_45308 Begin transport.
2019-09-18 13:07:43.407 DEBUG content 9721 _a-0000e2cb-d2c4-8000-23f0-01ef9001ef90_45308 Retrieving object data.
2019-09-18 13:07:43.416 DEBUG content 9721 _a-0000e2cb-d2c4-8000-23f0-01ef9001ef90_45308 Setting uuids of object references.
2019-09-18 13:07:43.417 DEBUG content 9721 _a-0000e2cb-d2c4-8000-23f0-01ef9001ef90_45308 Processing reference: [Content:id=9721,versionId=-1,name=PS_CUSOMER_1,type=32,subtype=0,uuid=_a-0000e2cb-d2c4-8000-23f0-01ef9001ef90_45308,parent=9716]
2019-09-18 13:07:43.417 DEBUG content 9721 _a-0000e2cb-d2c4-8000-23f0-01ef9001ef90_45308 Processing reference: Constant.forum
2019-09-18 13:07:43.417 DEBUG content 9721 _a-0000e2cb-d2c4-8000-23f0-01ef9001ef90_45308 Processing reference: Constant.parent
2019-09-18 13:07:43.42 DEBUG content 9721 _a-0000e2cb-d2c4-8000-23f0-01ef9001ef90_45308 Processing reference: com.appiancorp.suiteapi.content.ContentRoleMap@1e5027d8[
  ContentRole[name=readers,inherit=true,allowForAll=false]
  ContentRole[name=authors,inherit=true,allowForAll=false]
  ContentRole[name=administrators,inherit=true,allowForAll=false]
  ContentRole[name=denyReaders,inherit=false,allowForAll=false]
  ContentRole[name=denyAuthors,inherit=false,allowForAll=false]
  ContentRole[name=denyAdministrators,inherit=false,allowForAll=false]
  securityVector=15:SEC_PUBLIC=true,SEC_CREATOR_ADMIN=false,SEC_INH_ADMIN=true,SEC_INH_EDITOR=true,SEC_INH_VIEWER=true,SEC_ALL_ADMIN=false,SEC_ALL_EDITOR=false,SEC_ALL_VIEWER=false
]
2019-09-18 13:07:43.42 DEBUG content 9721 _a-0000e2cb-d2c4-8000-23f0-01ef9001ef90_45308 Processing reference: ContentRole[name=readers,inherit=true,allowForAll=false]
2019-09-18 13:07:43.42 DEBUG content 9721 _a-0000e2cb-d2c4-8000-23f0-01ef9001ef90_45308 Processing reference: ContentRole[name=authors,inherit=true,allowForAll=false]
2019-09-18 13:07:43.42 DEBUG content 9721 _a-0000e2cb-d2c4-8000-23f0-01ef9001ef90_45308 Processing reference: ContentRole[name=administrators,inherit=true,allowForAll=false]
2019-09-18 13:07:43.42 DEBUG content 9721 _a-0000e2cb-d2c4-8000-23f0-01ef9001ef90_45308 Processing reference: ContentRole[name=denyReaders,inherit=false,allowForAll=false]
2019-09-18 13:07:43.421 DEBUG content 9721 _a-0000e2cb-d2c4-8000-23f0-01ef9001ef90_45308 Processing reference: ContentRole[name=denyAuthors,inherit=false,allowForAll=false]
2019-09-18 13:07:43.421 DEBUG content 9721 _a-0000e2cb-d2c4-8000-23f0-01ef9001ef90_45308 Processing reference: ContentRole[name=denyAdministrators,inherit=false,allowForAll=false]
2019-09-18 13:07:43.421 DEBUG content 9721 _a-0000e2cb-d2c4-8000-23f0-01ef9001ef90_45308 Completing produce.
2019-09-18 13:07:43.421 DEBUG content 9721 _a-0000e2cb-d2c4-8000-23f0-01ef9001ef90_45308 Exporting binary resources.
2019-09-18 13:07:43.421 DEBUG content 9721 _a-0000e2cb-d2c4-8000-23f0-01ef9001ef90_45308 Serializing object to XML.
2019-09-18 13:07:43.425 DEBUG content 9721 _a-0000e2cb-d2c4-8000-23f0-01ef9001ef90_45308 Object transported.
2019-09-18 13:07:43.425 DEBUG content 9722 _a-0000e2cb-d2c4-8000-23f0-01ef9001ef90_45468 Begin transport.
2019-09-18 13:07:43.425 DEBUG content 9722 _a-0000e2cb-d2c4-8000-23f0-01ef9001ef90_45468 Retrieving object data.
2019-09-18 13:07:43.446 DEBUG content 9722 _a-0000e2cb-d2c4-8000-23f0-01ef9001ef90_45468 Setting uuids of object references.
2019-09-18 13:07:43.447 DEBUG content 9722 _a-0000e2cb-d2c4-8000-23f0-01ef9001ef90_45468 Processing reference: [Content:id=9722,versionId=-1,name=PS_GetEmployee,type=32,subtype=1,uuid=_a-0000e2cb-d2c4-8000-23f0-01ef9001ef90_45468,parent=9716]
2019-09-18 13:07:43.447 DEBUG content 9722 _a-0000e2cb-d2c4-8000-23f0-01ef9001ef90_45468 Processing reference: FreeformRule.forum
2019-09-18 13:07:43.448 DEBUG content 9722 _a-0000e2cb-d2c4-8000-23f0-01ef9001ef90_45468 Processing reference: TypedVariable[name=fName,it=3,v=]
2019-09-18 13:07:43.448 DEBUG content 9722 _a-0000e2cb-d2c4-8000-23f0-01ef9001ef90_45468 Processing reference: TypedVariable[name=lName,it=3,v=]
2019-09-18 13:07:43.448 DEBUG content 9722 _a-0000e2cb-d2c4-8000-23f0-01ef9001ef90_45468 Processing reference: FreeformRule.parent
2019-09-18 13:07:43.451 DEBUG content 9722 _a-0000e2cb-d2c4-8000-23f0-01ef9001ef90_45468 Processing reference: com.appiancorp.suiteapi.content.ContentRoleMap@42a8678b[
  ContentRole[name=readers,inherit=true,allowForAll=false]
  ContentRole[name=authors,inherit=true,allowForAll=false]
  ContentRole[name=administrators,inherit=true,allowForAll=false]
  ContentRole[name=denyReaders,inherit=false,allowForAll=false]
  ContentRole[name=denyAuthors,inherit=false,allowForAll=false]
  ContentRole[name=denyAdministrators,inherit=false,allowForAll=false]
  securityVector=15:SEC_PUBLIC=true,SEC_CREATOR_ADMIN=false,SEC_INH_ADMIN=true,SEC_INH_EDITOR=true,SEC_INH_VIEWER=true,SEC_ALL_ADMIN=false,SEC_ALL_EDITOR=false,SEC_ALL_VIEWER=false
]
2019-09-18 13:07:43.451 DEBUG content 9722 _a-0000e2cb-d2c4-8000-23f0-01ef9001ef90_45468 Processing reference: ContentRole[name=readers,inherit=true,allowForAll=false]
2019-09-18 13:07:43.451 DEBUG content 9722 _a-0000e2cb-d2c4-8000-23f0-01ef9001ef90_45468 Processing reference: ContentRole[name=authors,inherit=true,allowForAll=false]
2019-09-18 13:07:43.451 DEBUG content 9722 _a-0000e2cb-d2c4-8000-23f0-01ef9001ef90_45468 Processing reference: ContentRole[name=administrators,inherit=true,allowForAll=false]
2019-09-18 13:07:43.451 DEBUG content 9722 _a-0000e2cb-d2c4-8000-23f0-01ef9001ef90_45468 Processing reference: ContentRole[name=denyReaders,inherit=false,allowForAll=false]
2019-09-18 13:07:43.451 DEBUG content 9722 _a-0000e2cb-d2c4-8000-23f0-01ef9001ef90_45468 Processing reference: ContentRole[name=denyAuthors,inherit=false,allowForAll=false]
2019-09-18 13:07:43.451 DEBUG content 9722 _a-0000e2cb-d2c4-8000-23f0-01ef9001ef90_45468 Processing reference: ContentRole[name=denyAdministrators,inherit=false,allowForAll=false]
2019-09-18 13:07:43.452 DEBUG content 9722 _a-0000e2cb-d2c4-8000-23f0-01ef9001ef90_45468 Completing produce.
2019-09-18 13:07:43.452 DEBUG content 9722 _a-0000e2cb-d2c4-8000-23f0-01ef9001ef90_45468 Exporting binary resources.
2019-09-18 13:07:43.452 DEBUG content 9722 _a-0000e2cb-d2c4-8000-23f0-01ef9001ef90_45468 Serializing object to XML.
2019-09-18 13:07:43.462 DEBUG content 9722 _a-0000e2cb-d2c4-8000-23f0-01ef9001ef90_45468 Object transported.
2019-09-18 13:07:43.462 DEBUG content 9723 _a-0000e2cb-d2c4-8000-23f0-01ef9001ef90_45488 Begin transport.
2019-09-18 13:07:43.462 DEBUG content 9723 _a-0000e2cb-d2c4-8000-23f0-01ef9001ef90_45488 Retrieving object data.
2019-09-18 13:07:43.478 DEBUG content 9723 _a-0000e2cb-d2c4-8000-23f0-01ef9001ef90_45488 Setting uuids of object references.
2019-09-18 13:07:43.478 DEBUG content 9723 _a-0000e2cb-d2c4-8000-23f0-01ef9001ef90_45488 Processing reference: [Content:id=9723,versionId=-1,name=PS_getCustomer,type=32,subtype=1,uuid=_a-0000e2cb-d2c4-8000-23f0-01ef9001ef90_45488,parent=9716]
2019-09-18 13:07:43.478 DEBUG content 9723 _a-0000e2cb-d2c4-8000-23f0-01ef9001ef90_45488 Processing reference: FreeformRule.forum
2019-09-18 13:07:43.479 DEBUG content 9723 _a-0000e2cb-d2c4-8000-23f0-01ef9001ef90_45488 Processing reference: TypedVariable[name=name,it=3,v=]
2019-09-18 13:07:43.479 DEBUG content 9723 _a-0000e2cb-d2c4-8000-23f0-01ef9001ef90_45488 Processing reference: FreeformRule.parent
2019-09-18 13:07:43.482 DEBUG content 9723 _a-0000e2cb-d2c4-8000-23f0-01ef9001ef90_45488 Processing reference: com.appiancorp.suiteapi.content.ContentRoleMap@5fa46768[
  ContentRole[name=readers,inherit=true,allowForAll=false]
  ContentRole[name=authors,inherit=true,allowForAll=false]
  ContentRole[name=administrators,inherit=true,allowForAll=false]
  ContentRole[name=denyReaders,inherit=false,allowForAll=false]
  ContentRole[name=denyAuthors,inherit=false,allowForAll=false]
  ContentRole[name=denyAdministrators,inherit=false,allowForAll=false]
  securityVector=15:SEC_PUBLIC=true,SEC_CREATOR_ADMIN=false,SEC_INH_ADMIN=true,SEC_INH_EDITOR=true,SEC_INH_VIEWER=true,SEC_ALL_ADMIN=false,SEC_ALL_EDITOR=false,SEC_ALL_VIEWER=false
]
2019-09-18 13:07:43.482 DEBUG content 9723 _a-0000e2cb-d2c4-8000-23f0-01ef9001ef90_45488 Processing reference: ContentRole[name=readers,inherit=true,allowForAll=false]
2019-09-18 13:07:43.482 DEBUG content 9723 _a-0000e2cb-d2c4-8000-23f0-01ef9001ef90_45488 Processing reference: ContentRole[name=authors,inherit=true,allowForAll=false]
2019-09-18 13:07:43.482 DEBUG content 9723 _a-0000e2cb-d2c4-8000-23f0-01ef9001ef90_45488 Processing reference: ContentRole[name=administrators,inherit=true,allowForAll=false]
2019-09-18 13:07:43.482 DEBUG content 9723 _a-0000e2cb-d2c4-8000-23f0-01ef9001ef90_45488 Processing reference: ContentRole[name=denyReaders,inherit=false,allowForAll=false]
2019-09-18 13:07:43.482 DEBUG content 9723 _a-0000e2cb-d2c4-8000-23f0-01ef9001ef90_45488 Processing reference: ContentRole[name=denyAuthors,inherit=false,allowForAll=false]
2019-09-18 13:07:43.482 DEBUG content 9723 _a-0000e2cb-d2c4-8000-23f0-01ef9001ef90_45488 Processing reference: ContentRole[name=denyAdministrators,inherit=false,allowForAll=false]
2019-09-18 13:07:43.483 DEBUG content 9723 _a-0000e2cb-d2c4-8000-23f0-01ef9001ef90_45488 Completing produce.
2019-09-18 13:07:43.483 DEBUG content 9723 _a-0000e2cb-d2c4-8000-23f0-01ef9001ef90_45488 Exporting binary resources.
2019-09-18 13:07:43.483 DEBUG content 9723 _a-0000e2cb-d2c4-8000-23f0-01ef9001ef90_45488 Serializing object to XML.
2019-09-18 13:07:43.49 DEBUG content 9723 _a-0000e2cb-d2c4-8000-23f0-01ef9001ef90_45488 Object transported.
2019-09-18 13:07:43.49 DEBUG content 9724 _a-0000e2cb-d2c4-8000-23f0-01ef9001ef90_45569 Begin transport.
2019-09-18 13:07:43.49 DEBUG content 9724 _a-0000e2cb-d2c4-8000-23f0-01ef9001ef90_45569 Retrieving object data.
2019-09-18 13:07:43.506 DEBUG content 9724 _a-0000e2cb-d2c4-8000-23f0-01ef9001ef90_45569 Setting uuids of object references.
2019-09-18 13:07:43.506 DEBUG content 9724 _a-0000e2cb-d2c4-8000-23f0-01ef9001ef90_45569 Processing reference: [Content:id=9724,versionId=-1,name=PS_getUsername,type=32,subtype=1,uuid=_a-0000e2cb-d2c4-8000-23f0-01ef9001ef90_45569,parent=9716]
2019-09-18 13:07:43.507 DEBUG content 9724 _a-0000e2cb-d2c4-8000-23f0-01ef9001ef90_45569 Processing reference: FreeformRule.forum
2019-09-18 13:07:43.507 DEBUG content 9724 _a-0000e2cb-d2c4-8000-23f0-01ef9001ef90_45569 Processing reference: FreeformRule.parent
2019-09-18 13:07:43.51 DEBUG content 9724 _a-0000e2cb-d2c4-8000-23f0-01ef9001ef90_45569 Processing reference: com.appiancorp.suiteapi.content.ContentRoleMap@d95389f[
  ContentRole[name=readers,inherit=true,allowForAll=false]
  ContentRole[name=authors,inherit=true,allowForAll=false]
  ContentRole[name=administrators,inherit=true,allowForAll=false]
  ContentRole[name=denyReaders,inherit=false,allowForAll=false]
  ContentRole[name=denyAuthors,inherit=false,allowForAll=false]
  ContentRole[name=denyAdministrators,inherit=false,allowForAll=false]
  securityVector=15:SEC_PUBLIC=true,SEC_CREATOR_ADMIN=false,SEC_INH_ADMIN=true,SEC_INH_EDITOR=true,SEC_INH_VIEWER=true,SEC_ALL_ADMIN=false,SEC_ALL_EDITOR=false,SEC_ALL_VIEWER=false
]
2019-09-18 13:07:43.51 DEBUG content 9724 _a-0000e2cb-d2c4-8000-23f0-01ef9001ef90_45569 Processing reference: ContentRole[name=readers,inherit=true,allowForAll=false]
2019-09-18 13:07:43.51 DEBUG content 9724 _a-0000e2cb-d2c4-8000-23f0-01ef9001ef90_45569 Processing reference: ContentRole[name=authors,inherit=true,allowForAll=false]
2019-09-18 13:07:43.51 DEBUG content 9724 _a-0000e2cb-d2c4-8000-23f0-01ef9001ef90_45569 Processing reference: ContentRole[name=administrators,inherit=true,allowForAll=false]
2019-09-18 13:07:43.51 DEBUG content 9724 _a-0000e2cb-d2c4-8000-23f0-01ef9001ef90_45569 Processing reference: ContentRole[name=denyReaders,inherit=false,allowForAll=false]
2019-09-18 13:07:43.51 DEBUG content 9724 _a-0000e2cb-d2c4-8000-23f0-01ef9001ef90_45569 Processing reference: ContentRole[name=denyAuthors,inherit=false,allowForAll=false]
2019-09-18 13:07:43.511 DEBUG content 9724 _a-0000e2cb-d2c4-8000-23f0-01ef9001ef90_45569 Processing reference: ContentRole[name=denyAdministrators,inherit=false,allowForAll=false]
2019-09-18 13:07:43.511 DEBUG content 9724 _a-0000e2cb-d2c4-8000-23f0-01ef9001ef90_45569 Completing produce.
2019-09-18 13:07:43.511 DEBUG content 9724 _a-0000e2cb-d2c4-8000-23f0-01ef9001ef90_45569 Exporting binary resources.
2019-09-18 13:07:43.511 DEBUG content 9724 _a-0000e2cb-d2c4-8000-23f0-01ef9001ef90_45569 Serializing object to XML.
2019-09-18 13:07:43.516 DEBUG content 9724 _a-0000e2cb-d2c4-8000-23f0-01ef9001ef90_45569 Object transported.
2019-09-18 13:07:43.516 DEBUG content 9725 _a-0000e2cb-d2c4-8000-23f0-01ef9001ef90_45632 Begin transport.
2019-09-18 13:07:43.516 DEBUG content 9725 _a-0000e2cb-d2c4-8000-23f0-01ef9001ef90_45632 Retrieving object data.
2019-09-18 13:07:43.527 DEBUG content 9725 _a-0000e2cb-d2c4-8000-23f0-01ef9001ef90_45632 Setting uuids of object references.
2019-09-18 13:07:43.527 DEBUG content 9725 _a-0000e2cb-d2c4-8000-23f0-01ef9001ef90_45632 Processing reference: [Content:id=9725,versionId=-1,name=PS_uiSectionCapturePaymentDetails,type=32,subtype=6,uuid=_a-0000e2cb-d2c4-8000-23f0-01ef9001ef90_45632,parent=9716]
2019-09-18 13:07:43.528 DEBUG content 9725 _a-0000e2cb-d2c4-8000-23f0-01ef9001ef90_45632 Processing reference: Interface.forum
2019-09-18 13:07:43.529 DEBUG content 9725 _a-0000e2cb-d2c4-8000-23f0-01ef9001ef90_45632 Processing reference: TypedVariable[name=fname,it=3,v=]
2019-09-18 13:07:43.529 DEBUG content 9725 _a-0000e2cb-d2c4-8000-23f0-01ef9001ef90_45632 Processing reference: TypedVariable[name=lname,it=3,v=]
2019-09-18 13:07:43.529 DEBUG content 9725 _a-0000e2cb-d2c4-8000-23f0-01ef9001ef90_45632 Processing reference: TypedVariable[name=date,it=3,v=]
2019-09-18 13:07:43.529 DEBUG content 9725 _a-0000e2cb-d2c4-8000-23f0-01ef9001ef90_45632 Processing reference: TypedVariable[name=comments,it=3,v=]
2019-09-18 13:07:43.529 DEBUG content 9725 _a-0000e2cb-d2c4-8000-23f0-01ef9001ef90_45632 Processing reference: TypedVariable[name=btnAction,it=3,v=]
2019-09-18 13:07:43.529 DEBUG content 9725 _a-0000e2cb-d2c4-8000-23f0-01ef9001ef90_45632 Processing reference: Interface.parent
2019-09-18 13:07:43.533 DEBUG content 9725 _a-0000e2cb-d2c4-8000-23f0-01ef9001ef90_45632 Processing reference: com.appiancorp.suiteapi.content.ContentRoleMap@3b73090e[
  ContentRole[name=readers,inherit=true,allowForAll=false]
  ContentRole[name=authors,inherit=true,allowForAll=false]
  ContentRole[name=administrators,inherit=true,allowForAll=false]
  ContentRole[name=denyReaders,inherit=false,allowForAll=false]
  ContentRole[name=denyAuthors,inherit=false,allowForAll=false]
  ContentRole[name=denyAdministrators,inherit=false,allowForAll=false]
  securityVector=15:SEC_PUBLIC=true,SEC_CREATOR_ADMIN=false,SEC_INH_ADMIN=true,SEC_INH_EDITOR=true,SEC_INH_VIEWER=true,SEC_ALL_ADMIN=false,SEC_ALL_EDITOR=false,SEC_ALL_VIEWER=false
]
2019-09-18 13:07:43.533 DEBUG content 9725 _a-0000e2cb-d2c4-8000-23f0-01ef9001ef90_45632 Processing reference: ContentRole[name=readers,inherit=true,allowForAll=false]
2019-09-18 13:07:43.533 DEBUG content 9725 _a-0000e2cb-d2c4-8000-23f0-01ef9001ef90_45632 Processing reference: ContentRole[name=authors,inherit=true,allowForAll=false]
2019-09-18 13:07:43.533 DEBUG content 9725 _a-0000e2cb-d2c4-8000-23f0-01ef9001ef90_45632 Processing reference: ContentRole[name=administrators,inherit=true,allowForAll=false]
2019-09-18 13:07:43.533 DEBUG content 9725 _a-0000e2cb-d2c4-8000-23f0-01ef9001ef90_45632 Processing reference: ContentRole[name=denyReaders,inherit=false,allowForAll=false]
2019-09-18 13:07:43.533 DEBUG content 9725 _a-0000e2cb-d2c4-8000-23f0-01ef9001ef90_45632 Processing reference: ContentRole[name=denyAuthors,inherit=false,allowForAll=false]
2019-09-18 13:07:43.533 DEBUG content 9725 _a-0000e2cb-d2c4-8000-23f0-01ef9001ef90_45632 Processing reference: ContentRole[name=denyAdministrators,inherit=false,allowForAll=false]
2019-09-18 13:07:43.533 DEBUG content 9725 _a-0000e2cb-d2c4-8000-23f0-01ef9001ef90_45632 Completing produce.
2019-09-18 13:07:43.533 DEBUG content 9725 _a-0000e2cb-d2c4-8000-23f0-01ef9001ef90_45632 Exporting binary resources.
2019-09-18 13:07:43.533 DEBUG content 9725 _a-0000e2cb-d2c4-8000-23f0-01ef9001ef90_45632 Serializing object to XML.
2019-09-18 13:07:43.546 DEBUG content 9725 _a-0000e2cb-d2c4-8000-23f0-01ef9001ef90_45632 Object transported.
2019-09-18 13:07:43.546 DEBUG content 9726 _a-0000e2cb-d2c4-8000-23f0-01ef9001ef90_45665 Begin transport.
2019-09-18 13:07:43.546 DEBUG content 9726 _a-0000e2cb-d2c4-8000-23f0-01ef9001ef90_45665 Retrieving object data.
2019-09-18 13:07:43.557 DEBUG content 9726 _a-0000e2cb-d2c4-8000-23f0-01ef9001ef90_45665 Setting uuids of object references.
2019-09-18 13:07:43.557 DEBUG content 9726 _a-0000e2cb-d2c4-8000-23f0-01ef9001ef90_45665 Processing reference: [Content:id=9726,versionId=-1,name=PAS_getCustomer,type=32,subtype=1,uuid=_a-0000e2cb-d2c4-8000-23f0-01ef9001ef90_45665,parent=9716]
2019-09-18 13:07:43.557 DEBUG content 9726 _a-0000e2cb-d2c4-8000-23f0-01ef9001ef90_45665 Processing reference: FreeformRule.forum
2019-09-18 13:07:43.557 DEBUG content 9726 _a-0000e2cb-d2c4-8000-23f0-01ef9001ef90_45665 Processing reference: FreeformRule.parent
2019-09-18 13:07:43.56 DEBUG content 9726 _a-0000e2cb-d2c4-8000-23f0-01ef9001ef90_45665 Processing reference: com.appiancorp.suiteapi.content.ContentRoleMap@506c737d[
  ContentRole[name=readers,inherit=true,allowForAll=false]
  ContentRole[name=authors,inherit=true,allowForAll=false]
  ContentRole[name=administrators,inherit=true,allowForAll=false]
  ContentRole[name=denyReaders,inherit=false,allowForAll=false]
  ContentRole[name=denyAuthors,inherit=false,allowForAll=false]
  ContentRole[name=denyAdministrators,inherit=false,allowForAll=false]
  securityVector=15:SEC_PUBLIC=true,SEC_CREATOR_ADMIN=false,SEC_INH_ADMIN=true,SEC_INH_EDITOR=true,SEC_INH_VIEWER=true,SEC_ALL_ADMIN=false,SEC_ALL_EDITOR=false,SEC_ALL_VIEWER=false
]
2019-09-18 13:07:43.56 DEBUG content 9726 _a-0000e2cb-d2c4-8000-23f0-01ef9001ef90_45665 Processing reference: ContentRole[name=readers,inherit=true,allowForAll=false]
2019-09-18 13:07:43.56 DEBUG content 9726 _a-0000e2cb-d2c4-8000-23f0-01ef9001ef90_45665 Processing reference: ContentRole[name=authors,inherit=true,allowForAll=false]
2019-09-18 13:07:43.561 DEBUG content 9726 _a-0000e2cb-d2c4-8000-23f0-01ef9001ef90_45665 Processing reference: ContentRole[name=administrators,inherit=true,allowForAll=false]
2019-09-18 13:07:43.561 DEBUG content 9726 _a-0000e2cb-d2c4-8000-23f0-01ef9001ef90_45665 Processing reference: ContentRole[name=denyReaders,inherit=false,allowForAll=false]
2019-09-18 13:07:43.561 DEBUG content 9726 _a-0000e2cb-d2c4-8000-23f0-01ef9001ef90_45665 Processing reference: ContentRole[name=denyAuthors,inherit=false,allowForAll=false]
2019-09-18 13:07:43.561 DEBUG content 9726 _a-0000e2cb-d2c4-8000-23f0-01ef9001ef90_45665 Processing reference: ContentRole[name=denyAdministrators,inherit=false,allowForAll=false]
2019-09-18 13:07:43.561 DEBUG content 9726 _a-0000e2cb-d2c4-8000-23f0-01ef9001ef90_45665 Completing produce.
2019-09-18 13:07:43.561 DEBUG content 9726 _a-0000e2cb-d2c4-8000-23f0-01ef9001ef90_45665 Exporting binary resources.
2019-09-18 13:07:43.561 DEBUG content 9726 _a-0000e2cb-d2c4-8000-23f0-01ef9001ef90_45665 Serializing object to XML.
2019-09-18 13:07:43.561 DEBUG content 9726 _a-0000e2cb-d2c4-8000-23f0-01ef9001ef90_45665 Object transported.
2019-09-18 13:07:43.561 DEBUG content 9727 _a-0000e2cb-d2c4-8000-23f0-01ef9001ef90_45671 Begin transport.
2019-09-18 13:07:43.561 DEBUG content 9727 _a-0000e2cb-d2c4-8000-23f0-01ef9001ef90_45671 Retrieving object data.
2019-09-18 13:07:43.573 DEBUG content 9727 _a-0000e2cb-d2c4-8000-23f0-01ef9001ef90_45671 Setting uuids of object references.
2019-09-18 13:07:43.573 DEBUG content 9727 _a-0000e2cb-d2c4-8000-23f0-01ef9001ef90_45671 Processing reference: [Content:id=9727,versionId=-1,name=PAS_getPrimaryDetails,type=32,subtype=1,uuid=_a-0000e2cb-d2c4-8000-23f0-01ef9001ef90_45671,parent=9716]
2019-09-18 13:07:43.573 DEBUG content 9727 _a-0000e2cb-d2c4-8000-23f0-01ef9001ef90_45671 Processing reference: FreeformRule.forum
2019-09-18 13:07:43.574 DEBUG content 9727 _a-0000e2cb-d2c4-8000-23f0-01ef9001ef90_45671 Processing reference: FreeformRule.parent
2019-09-18 13:07:43.577 DEBUG content 9727 _a-0000e2cb-d2c4-8000-23f0-01ef9001ef90_45671 Processing reference: com.appiancorp.suiteapi.content.ContentRoleMap@3d903fc7[
  ContentRole[name=readers,inherit=true,allowForAll=false]
  ContentRole[name=authors,inherit=true,allowForAll=false]
  ContentRole[name=administrators,inherit=true,allowForAll=false]
  ContentRole[name=denyReaders,inherit=false,allowForAll=false]
  ContentRole[name=denyAuthors,inherit=false,allowForAll=false]
  ContentRole[name=denyAdministrators,inherit=false,allowForAll=false]
  securityVector=15:SEC_PUBLIC=true,SEC_CREATOR_ADMIN=false,SEC_INH_ADMIN=true,SEC_INH_EDITOR=true,SEC_INH_VIEWER=true,SEC_ALL_ADMIN=false,SEC_ALL_EDITOR=false,SEC_ALL_VIEWER=false
]
2019-09-18 13:07:43.577 DEBUG content 9727 _a-0000e2cb-d2c4-8000-23f0-01ef9001ef90_45671 Processing reference: ContentRole[name=readers,inherit=true,allowForAll=false]
2019-09-18 13:07:43.577 DEBUG content 9727 _a-0000e2cb-d2c4-8000-23f0-01ef9001ef90_45671 Processing reference: ContentRole[name=authors,inherit=true,allowForAll=false]
2019-09-18 13:07:43.577 DEBUG content 9727 _a-0000e2cb-d2c4-8000-23f0-01ef9001ef90_45671 Processing reference: ContentRole[name=administrators,inherit=true,allowForAll=false]
2019-09-18 13:07:43.577 DEBUG content 9727 _a-0000e2cb-d2c4-8000-23f0-01ef9001ef90_45671 Processing reference: ContentRole[name=denyReaders,inherit=false,allowForAll=false]
2019-09-18 13:07:43.577 DEBUG content 9727 _a-0000e2cb-d2c4-8000-23f0-01ef9001ef90_45671 Processing reference: ContentRole[name=denyAuthors,inherit=false,allowForAll=false]
2019-09-18 13:07:43.577 DEBUG content 9727 _a-0000e2cb-d2c4-8000-23f0-01ef9001ef90_45671 Processing reference: ContentRole[name=denyAdministrators,inherit=false,allowForAll=false]
2019-09-18 13:07:43.577 DEBUG content 9727 _a-0000e2cb-d2c4-8000-23f0-01ef9001ef90_45671 Completing produce.
2019-09-18 13:07:43.577 DEBUG content 9727 _a-0000e2cb-d2c4-8000-23f0-01ef9001ef90_45671 Exporting binary resources.
2019-09-18 13:07:43.577 DEBUG content 9727 _a-0000e2cb-d2c4-8000-23f0-01ef9001ef90_45671 Serializing object to XML.
2019-09-18 13:07:43.578 DEBUG content 9727 _a-0000e2cb-d2c4-8000-23f0-01ef9001ef90_45671 Object transported.
2019-09-18 13:07:43.578 DEBUG content 9728 _a-0000e2cb-d2c4-8000-23f0-01ef9001ef90_45677 Begin transport.
2019-09-18 13:07:43.578 DEBUG content 9728 _a-0000e2cb-d2c4-8000-23f0-01ef9001ef90_45677 Retrieving object data.
2019-09-18 13:07:43.586 DEBUG content 9728 _a-0000e2cb-d2c4-8000-23f0-01ef9001ef90_45677 Setting uuids of object references.
2019-09-18 13:07:43.586 DEBUG content 9728 _a-0000e2cb-d2c4-8000-23f0-01ef9001ef90_45677 Processing reference: [Content:id=9728,versionId=-1,name=PAS_CUSTOMER_ID,type=32,subtype=0,uuid=_a-0000e2cb-d2c4-8000-23f0-01ef9001ef90_45677,parent=9716]
2019-09-18 13:07:43.587 DEBUG content 9728 _a-0000e2cb-d2c4-8000-23f0-01ef9001ef90_45677 Processing reference: Constant.forum
2019-09-18 13:07:43.587 DEBUG content 9728 _a-0000e2cb-d2c4-8000-23f0-01ef9001ef90_45677 Processing reference: Constant.parent
2019-09-18 13:07:43.59 DEBUG content 9728 _a-0000e2cb-d2c4-8000-23f0-01ef9001ef90_45677 Processing reference: com.appiancorp.suiteapi.content.ContentRoleMap@66782936[
  ContentRole[name=readers,inherit=true,allowForAll=false]
  ContentRole[name=authors,inherit=true,allowForAll=false]
  ContentRole[name=administrators,inherit=true,allowForAll=false]
  ContentRole[name=denyReaders,inherit=false,allowForAll=false]
  ContentRole[name=denyAuthors,inherit=false,allowForAll=false]
  ContentRole[name=denyAdministrators,inherit=false,allowForAll=false]
  securityVector=15:SEC_PUBLIC=true,SEC_CREATOR_ADMIN=false,SEC_INH_ADMIN=true,SEC_INH_EDITOR=true,SEC_INH_VIEWER=true,SEC_ALL_ADMIN=false,SEC_ALL_EDITOR=false,SEC_ALL_VIEWER=false
]
2019-09-18 13:07:43.59 DEBUG content 9728 _a-0000e2cb-d2c4-8000-23f0-01ef9001ef90_45677 Processing reference: ContentRole[name=readers,inherit=true,allowForAll=false]
2019-09-18 13:07:43.59 DEBUG content 9728 _a-0000e2cb-d2c4-8000-23f0-01ef9001ef90_45677 Processing reference: ContentRole[name=authors,inherit=true,allowForAll=false]
2019-09-18 13:07:43.59 DEBUG content 9728 _a-0000e2cb-d2c4-8000-23f0-01ef9001ef90_45677 Processing reference: ContentRole[name=administrators,inherit=true,allowForAll=false]
2019-09-18 13:07:43.59 DEBUG content 9728 _a-0000e2cb-d2c4-8000-23f0-01ef9001ef90_45677 Processing reference: ContentRole[name=denyReaders,inherit=false,allowForAll=false]
2019-09-18 13:07:43.59 DEBUG content 9728 _a-0000e2cb-d2c4-8000-23f0-01ef9001ef90_45677 Processing reference: ContentRole[name=denyAuthors,inherit=false,allowForAll=false]
2019-09-18 13:07:43.59 DEBUG content 9728 _a-0000e2cb-d2c4-8000-23f0-01ef9001ef90_45677 Processing reference: ContentRole[name=denyAdministrators,inherit=false,allowForAll=false]
2019-09-18 13:07:43.591 DEBUG content 9728 _a-0000e2cb-d2c4-8000-23f0-01ef9001ef90_45677 Completing produce.
2019-09-18 13:07:43.591 DEBUG content 9728 _a-0000e2cb-d2c4-8000-23f0-01ef9001ef90_45677 Exporting binary resources.
2019-09-18 13:07:43.591 DEBUG content 9728 _a-0000e2cb-d2c4-8000-23f0-01ef9001ef90_45677 Serializing object to XML.
2019-09-18 13:07:43.595 DEBUG content 9728 _a-0000e2cb-d2c4-8000-23f0-01ef9001ef90_45677 Object transported.
2019-09-18 13:07:43.597 DEBUG processModelFolder 55 _g-0000e2cb-d2c4-8000-23f0-014d98014d98_31 Begin transport.
2019-09-18 13:07:43.597 DEBUG processModelFolder 55 _g-0000e2cb-d2c4-8000-23f0-014d98014d98_31 Retrieving object data.
2019-09-18 13:07:43.6 DEBUG processModelFolder 55 _g-0000e2cb-d2c4-8000-23f0-014d98014d98_31 Setting uuids of object references.
2019-09-18 13:07:43.601 DEBUG processModelFolder 55 _g-0000e2cb-d2c4-8000-23f0-014d98014d98_31 Processing reference: ProcessModelFolder.parentFolderId
2019-09-18 13:07:43.602 DEBUG processModelFolder 55 _g-0000e2cb-d2c4-8000-23f0-014d98014d98_31 Processing reference: com.appiancorp.suiteapi.process.ProcessRoleMap@d3d0e7f[
  Role[name=ADMIN_OWNER]
  Role[name=EDITOR]
  Role[name=EXPLICIT_NONMEMBER]
  Role[name=VIEWER]
  Role[name=MANAGER]
  Role[name=INITIATOR]
]
2019-09-18 13:07:43.602 DEBUG processModelFolder 55 _g-0000e2cb-d2c4-8000-23f0-014d98014d98_31 Processing reference: Role[name=ADMIN_OWNER]
2019-09-18 13:07:43.602 DEBUG processModelFolder 55 _g-0000e2cb-d2c4-8000-23f0-014d98014d98_31 Processing reference: Role[name=EDITOR]
2019-09-18 13:07:43.602 DEBUG processModelFolder 55 _g-0000e2cb-d2c4-8000-23f0-014d98014d98_31 Processing reference: Role[name=EXPLICIT_NONMEMBER]
2019-09-18 13:07:43.602 DEBUG processModelFolder 55 _g-0000e2cb-d2c4-8000-23f0-014d98014d98_31 Processing reference: Role[name=VIEWER]
2019-09-18 13:07:43.602 DEBUG processModelFolder 55 _g-0000e2cb-d2c4-8000-23f0-014d98014d98_31 Processing reference: Role[name=MANAGER]
2019-09-18 13:07:43.602 DEBUG processModelFolder 55 _g-0000e2cb-d2c4-8000-23f0-014d98014d98_31 Processing reference: Role[name=INITIATOR]
2019-09-18 13:07:43.603 DEBUG processModelFolder 55 _g-0000e2cb-d2c4-8000-23f0-014d98014d98_31 Completing produce.
2019-09-18 13:07:43.603 DEBUG processModelFolder 55 _g-0000e2cb-d2c4-8000-23f0-014d98014d98_31 Exporting binary resources.
2019-09-18 13:07:43.603 DEBUG processModelFolder 55 _g-0000e2cb-d2c4-8000-23f0-014d98014d98_31 Serializing object to XML.
2019-09-18 13:07:43.604 DEBUG processModelFolder 55 _g-0000e2cb-d2c4-8000-23f0-014d98014d98_31 Object transported.
2019-09-18 13:07:43.605 DEBUG processModel 542 0002e32c-345b-8000-23f0-014d98014d98 Begin transport.
2019-09-18 13:07:43.605 DEBUG processModel 542 0002e32c-345b-8000-23f0-014d98014d98 Retrieving object data.
2019-09-18 13:07:43.652 DEBUG processModel 542 0002e32c-345b-8000-23f0-014d98014d98 Setting uuids of object references.
2019-09-18 13:07:43.652 DEBUG processModel 542 0002e32c-345b-8000-23f0-014d98014d98 Processing reference: ProcessModelHaul.folderId
2019-09-18 13:07:43.654 DEBUG processModel 542 0002e32c-345b-8000-23f0-014d98014d98 Processing reference: ProcessModelHaul.modelDashboardPageId
2019-09-18 13:07:43.654 DEBUG processModel 542 0002e32c-345b-8000-23f0-014d98014d98 Processing reference: ProcessModelHaul.processDashboardPageId
2019-09-18 13:07:43.654 DEBUG processModel 542 0002e32c-345b-8000-23f0-014d98014d98 Processing reference: ProcessModel.emailAttachmentFolderId
2019-09-18 13:07:43.657 DEBUG processModel 542 0002e32c-345b-8000-23f0-014d98014d98 Processing reference: ActivityClassParameter[name=pmID,it=23,v=<null>]
2019-09-18 13:07:43.657 DEBUG processModel 542 0002e32c-345b-8000-23f0-014d98014d98 Processing reference: ActivityClassParameter[name=inMap,it=111,v={}]
2019-09-18 13:07:43.658 DEBUG processModel 542 0002e32c-345b-8000-23f0-014d98014d98 Processing reference: ActivityClassParameter[name=procInheritsPriority,it=1,v=1]
2019-09-18 13:07:43.658 DEBUG processModel 542 0002e32c-345b-8000-23f0-014d98014d98 Processing reference: ActivityClassParameter[name=pmUUID,it=3,v=]
2019-09-18 13:07:43.658 DEBUG processModel 542 0002e32c-345b-8000-23f0-014d98014d98 Processing reference: ActivityClassParameter[name=isAsynchronous,it=26,v=1]
2019-09-18 13:07:43.658 DEBUG processModel 542 0002e32c-345b-8000-23f0-014d98014d98 Processing reference: ActivityClassParameter[name=isTransparent,it=26,v=1]
2019-09-18 13:07:43.658 DEBUG processModel 542 0002e32c-345b-8000-23f0-014d98014d98 Processing reference: ActivityClassParameter[name=inheritSecurity,it=26,v=0]
2019-09-18 13:07:43.659 DEBUG processModel 542 0002e32c-345b-8000-23f0-014d98014d98 Processing reference: ProcessVariable[name=btnAction,it=3,v=]
2019-09-18 13:07:43.659 DEBUG processModel 542 0002e32c-345b-8000-23f0-014d98014d98 Processing reference: ProcessVariable[name=comments,it=3,v=]
2019-09-18 13:07:43.659 DEBUG processModel 542 0002e32c-345b-8000-23f0-014d98014d98 Processing reference: ProcessVariable[name=date,it=3,v=]
2019-09-18 13:07:43.659 DEBUG processModel 542 0002e32c-345b-8000-23f0-014d98014d98 Processing reference: ProcessVariable[name=fname,it=3,v=]
2019-09-18 13:07:43.659 DEBUG processModel 542 0002e32c-345b-8000-23f0-014d98014d98 Processing reference: ProcessVariable[name=lname,it=3,v=]
2019-09-18 13:07:43.659 DEBUG processModel 542 0002e32c-345b-8000-23f0-014d98014d98 Processing reference: com.appiancorp.suiteapi.process.ProcessRoleMap@70a09f51[
  Role[name=ADMIN_OWNER]
  Role[name=EDITOR]
  Role[name=EXPLICIT_NONMEMBER]
  Role[name=VIEWER]
  Role[name=MANAGER]
  Role[name=INITIATOR]
]
2019-09-18 13:07:43.659 DEBUG processModel 542 0002e32c-345b-8000-23f0-014d98014d98 Processing reference: Role[name=ADMIN_OWNER]
2019-09-18 13:07:43.66 DEBUG processModel 542 0002e32c-345b-8000-23f0-014d98014d98 Processing reference: Role[name=EDITOR]
2019-09-18 13:07:43.66 DEBUG processModel 542 0002e32c-345b-8000-23f0-014d98014d98 Processing reference: Role[name=EXPLICIT_NONMEMBER]
2019-09-18 13:07:43.66 DEBUG processModel 542 0002e32c-345b-8000-23f0-014d98014d98 Processing reference: Role[name=VIEWER]
2019-09-18 13:07:43.66 DEBUG processModel 542 0002e32c-345b-8000-23f0-014d98014d98 Processing reference: Role[name=MANAGER]
2019-09-18 13:07:43.66 DEBUG processModel 542 0002e32c-345b-8000-23f0-014d98014d98 Processing reference: Role[name=INITIATOR]
2019-09-18 13:07:43.663 DEBUG processModel 542 0002e32c-345b-8000-23f0-014d98014d98 Completing produce.
2019-09-18 13:07:43.663 DEBUG processModel 542 0002e32c-345b-8000-23f0-014d98014d98 Exporting binary resources.
2019-09-18 13:07:43.663 DEBUG processModel 542 0002e32c-345b-8000-23f0-014d98014d98 Serializing object to XML.
2019-09-18 13:07:43.668 DEBUG processModel 542 0002e32c-345b-8000-23f0-014d98014d98 Object transported.
2019-09-18 13:07:43.668 DEBUG application 9729 _a-0000e2cb-d2c4-8000-23f0-01ef9001ef90_44946 Completing produce.
2019-09-18 13:07:43.668 DEBUG application 9729 _a-0000e2cb-d2c4-8000-23f0-01ef9001ef90_44946 Exporting binary resources.
2019-09-18 13:07:43.668 DEBUG application 9729 _a-0000e2cb-d2c4-8000-23f0-01ef9001ef90_44946 Serializing object to XML.
2019-09-18 13:07:43.669 DEBUG application 9729 _a-0000e2cb-d2c4-8000-23f0-01ef9001ef90_44946 Object transported.
