Success (25):
datatype 2458 {urn:com:appian:types:TMS}TMS_States_Codes "{urn:com:appian:types:TMS}TMS_States_Codes"
dataStore 5014 _a-0000e21d-e06a-8000-7d53-01ef9001ef90_32860 "TM_DS"
content 4186 _a-0000e21d-e06a-8000-7d53-01ef9001ef90_32205 "Folder TMS Rules and constants"
content 4187 _a-0000e21d-e06a-8000-7d53-01ef9001ef90_32210 "TMS_DS_STATE"
content 4188 _a-0000e21d-e06a-8000-7d53-01ef9001ef90_32216 "TMS_qeGetStateDetails"
content 4189 _a-0000e21d-e06a-8000-7d53-01ef9001ef90_32222 "TMS_uiSectionStateGrid"
content 4190 _a-0000e21d-e06a-8000-7d53-01ef9001ef90_32304 "TMS_Test"
content 4191 _a-0000e21d-e06a-8000-7d53-01ef9001ef90_32412 "TMS_TestRule"
content 4192 _a-0000e21d-e06a-8000-7d53-01ef9001ef90_32620 "TMS_Test_Two"
content 4193 _a-0000e21d-e06a-8000-7d53-01ef9001ef90_43993 "TMS_getTravelInfo"
content 5021 _a-0000e21d-e06a-8000-7d53-01ef9001ef90_55454 "TMS_newConstant"
content 4334 _a-0000e236-2bab-8000-23f0-01ef9001ef90_22605 "Test_Expression"
content 4336 _a-0000e236-2bab-8000-23f0-01ef9001ef90_22656 "Test_Exp2"
content 4403 _a-0000e236-2bab-8000-23f0-01ef9001ef90_23015 "TMS Docs"
content 4402 _a-0000e236-2bab-8000-23f0-01ef9001ef90_23014 "testDoc"
content 4404 _a-0000e236-2bab-8000-23f0-01ef9001ef90_23034 "download"
content 5022 _a-0000e236-2bab-8000-23f0-01ef9001ef90_24769 "TMS_expRule"
content 5061 _a-0000e267-fed0-8000-23f0-01ef9001ef90_26768 "test"
processModelFolder 2 _g-0000e21d-e06a-8000-7d4f-014d98014d98_16 "Folder TMS PM"
processModel 6 0002e22b-0439-8000-7d4f-014d98014d98 "TMS State PM"
processModel 7 0002e235-dc96-8000-7d4f-014d98014d98 "test1"
application 4195 _a-0000e21d-e06a-8000-7d53-01ef9001ef90_32066 "TMS Application"
webApi 9 cac8d10a-4e25-4a08-9f98-c0acf9208dd0 "testWebApi"
webApi 10 fd00e0ac-1cd3-4b7b-abbf-e3967f307e00 "test"
site 1 3e063723-fc4a-47c0-ac90-75933c7e43ec "TMS_Site"

Referenced precedents that were not exported (2):
user simranjits simranjits
content 4274 _a-0000e21d-e06a-8000-7d53-01ef9001ef90_59393

Trace:
2019-09-18 08:29:05.947 DEBUG application 4195 _a-0000e21d-e06a-8000-7d53-01ef9001ef90_32066 Begin transport.
2019-09-18 08:29:05.947 DEBUG application 4195 _a-0000e21d-e06a-8000-7d53-01ef9001ef90_32066 Retrieving object data.
2019-09-18 08:29:05.956 DEBUG application 4195 _a-0000e21d-e06a-8000-7d53-01ef9001ef90_32066 App associated objects: [datatype=[{urn:com:appian:types:TMS}TMS_States_Codes],dataStore=[_a-0000e21d-e06a-8000-7d53-01ef9001ef90_32860],content=[_a-0000e21d-e06a-8000-7d53-01ef9001ef90_32205, _a-0000e21d-e06a-8000-7d53-01ef9001ef90_32210, _a-0000e21d-e06a-8000-7d53-01ef9001ef90_32216, _a-0000e21d-e06a-8000-7d53-01ef9001ef90_32222, _a-0000e21d-e06a-8000-7d53-01ef9001ef90_32304, _a-0000e21d-e06a-8000-7d53-01ef9001ef90_32412, _a-0000e21d-e06a-8000-7d53-01ef9001ef90_32620, _a-0000e21d-e06a-8000-7d53-01ef9001ef90_43993, _a-0000e21d-e06a-8000-7d53-01ef9001ef90_55454, _a-0000e236-2bab-8000-23f0-01ef9001ef90_22605, _a-0000e236-2bab-8000-23f0-01ef9001ef90_22656, _a-0000e236-2bab-8000-23f0-01ef9001ef90_23015, _a-0000e236-2bab-8000-23f0-01ef9001ef90_23014, _a-0000e236-2bab-8000-23f0-01ef9001ef90_23034, _a-0000e236-2bab-8000-23f0-01ef9001ef90_24769, _a-0000e267-fed0-8000-23f0-01ef9001ef90_26768],processModelFolder=[_g-0000e21d-e06a-8000-7d4f-014d98014d98_16],processModel=[0002e22b-0439-8000-7d4f-014d98014d98, 0002e235-dc96-8000-7d4f-014d98014d98],webApi=[cac8d10a-4e25-4a08-9f98-c0acf9208dd0, fd00e0ac-1cd3-4b7b-abbf-e3967f307e00],site=[3e063723-fc4a-47c0-ac90-75933c7e43ec]]
2019-09-18 08:29:05.974 DEBUG application 4195 _a-0000e21d-e06a-8000-7d53-01ef9001ef90_32066 Invalid associated objects: []
2019-09-18 08:29:05.975 DEBUG application 4195 _a-0000e21d-e06a-8000-7d53-01ef9001ef90_32066 Adding valid associated objects to be exported: GlobalBindingMap[datatype={{urn:com:appian:types:TMS}TMS_States_Codes=2458},dataStore={_a-0000e21d-e06a-8000-7d53-01ef9001ef90_32860=5014},content={_a-0000e21d-e06a-8000-7d53-01ef9001ef90_32205=4186, _a-0000e21d-e06a-8000-7d53-01ef9001ef90_32210=4187, _a-0000e21d-e06a-8000-7d53-01ef9001ef90_32216=4188, _a-0000e21d-e06a-8000-7d53-01ef9001ef90_32222=4189, _a-0000e21d-e06a-8000-7d53-01ef9001ef90_32304=4190, _a-0000e21d-e06a-8000-7d53-01ef9001ef90_32412=4191, _a-0000e21d-e06a-8000-7d53-01ef9001ef90_32620=4192, _a-0000e21d-e06a-8000-7d53-01ef9001ef90_43993=4193, _a-0000e21d-e06a-8000-7d53-01ef9001ef90_55454=5021, _a-0000e236-2bab-8000-23f0-01ef9001ef90_22605=4334, _a-0000e236-2bab-8000-23f0-01ef9001ef90_22656=4336, _a-0000e236-2bab-8000-23f0-01ef9001ef90_23015=4403, _a-0000e236-2bab-8000-23f0-01ef9001ef90_23014=4402, _a-0000e236-2bab-8000-23f0-01ef9001ef90_23034=4404, _a-0000e236-2bab-8000-23f0-01ef9001ef90_24769=5022, _a-0000e267-fed0-8000-23f0-01ef9001ef90_26768=5061},processModelFolder={_g-0000e21d-e06a-8000-7d4f-014d98014d98_16=2},processModel={0002e22b-0439-8000-7d4f-014d98014d98=6, 0002e235-dc96-8000-7d4f-014d98014d98=7},webApi={cac8d10a-4e25-4a08-9f98-c0acf9208dd0=9, fd00e0ac-1cd3-4b7b-abbf-e3967f307e00=10},site={3e063723-fc4a-47c0-ac90-75933c7e43ec=1}]
2019-09-18 08:29:05.975 DEBUG application 4195 _a-0000e21d-e06a-8000-7d53-01ef9001ef90_32066 Setting uuids of object references.
2019-09-18 08:29:05.975 DEBUG application 4195 _a-0000e21d-e06a-8000-7d53-01ef9001ef90_32066 Processing reference: Application.forum
2019-09-18 08:29:05.975 DEBUG application 4195 _a-0000e21d-e06a-8000-7d53-01ef9001ef90_32066 Processing reference: Application.parent
2019-09-18 08:29:05.979 DEBUG application 4195 _a-0000e21d-e06a-8000-7d53-01ef9001ef90_32066 Processing reference: com.appiancorp.suiteapi.content.ContentRoleMap@610c81de[
  ContentRole[name=readers,inherit=false,allowForAll=false]
  ContentRole[name=authors,inherit=false,allowForAll=false]
  ContentRole[name=administrators,inherit=false,allowForAll=false]
  ContentRole[name=denyReaders,inherit=false,allowForAll=false]
  ContentRole[name=denyAuthors,inherit=false,allowForAll=false]
  ContentRole[name=denyAdministrators,inherit=false,allowForAll=false]
  securityVector=1:SEC_PUBLIC=true,SEC_CREATOR_ADMIN=false,SEC_INH_ADMIN=false,SEC_INH_EDITOR=false,SEC_INH_VIEWER=false,SEC_ALL_ADMIN=false,SEC_ALL_EDITOR=false,SEC_ALL_VIEWER=false
]
2019-09-18 08:29:05.979 DEBUG application 4195 _a-0000e21d-e06a-8000-7d53-01ef9001ef90_32066 Processing reference: ContentRole[name=readers,inherit=false,allowForAll=false]
2019-09-18 08:29:05.979 DEBUG application 4195 _a-0000e21d-e06a-8000-7d53-01ef9001ef90_32066 Processing reference: ContentRole[name=authors,inherit=false,allowForAll=false]
2019-09-18 08:29:05.979 DEBUG application 4195 _a-0000e21d-e06a-8000-7d53-01ef9001ef90_32066 Processing reference: ContentRole[name=administrators,inherit=false,allowForAll=false]
2019-09-18 08:29:05.979 DEBUG application 4195 _a-0000e21d-e06a-8000-7d53-01ef9001ef90_32066 Processing reference: ContentRole[name=denyReaders,inherit=false,allowForAll=false]
2019-09-18 08:29:05.98 DEBUG application 4195 _a-0000e21d-e06a-8000-7d53-01ef9001ef90_32066 Processing reference: ContentRole[name=denyAuthors,inherit=false,allowForAll=false]
2019-09-18 08:29:05.98 DEBUG application 4195 _a-0000e21d-e06a-8000-7d53-01ef9001ef90_32066 Processing reference: ContentRole[name=denyAdministrators,inherit=false,allowForAll=false]
2019-09-18 08:29:05.98 DEBUG datatype 2458 {urn:com:appian:types:TMS}TMS_States_Codes Begin transport.
2019-09-18 08:29:05.98 DEBUG datatype 2458 {urn:com:appian:types:TMS}TMS_States_Codes Retrieving object data.
2019-09-18 08:29:06.034 DEBUG datatype 2458 {urn:com:appian:types:TMS}TMS_States_Codes Setting uuids of object references.
2019-09-18 08:29:06.035 DEBUG datatype 2458 {urn:com:appian:types:TMS}TMS_States_Codes Completing produce.
2019-09-18 08:29:06.035 DEBUG datatype 2458 {urn:com:appian:types:TMS}TMS_States_Codes Exporting binary resources.
2019-09-18 08:29:06.035 DEBUG datatype 2458 {urn:com:appian:types:TMS}TMS_States_Codes Serializing object to XML.
2019-09-18 08:29:06.036 DEBUG datatype 2458 {urn:com:appian:types:TMS}TMS_States_Codes Object transported.
2019-09-18 08:29:06.039 DEBUG dataStore 5014 _a-0000e21d-e06a-8000-7d53-01ef9001ef90_32860 Begin transport.
2019-09-18 08:29:06.039 DEBUG dataStore 5014 _a-0000e21d-e06a-8000-7d53-01ef9001ef90_32860 Retrieving object data.
2019-09-18 08:29:06.077 DEBUG dataStore 5014 _a-0000e21d-e06a-8000-7d53-01ef9001ef90_32860 Setting uuids of object references.
2019-09-18 08:29:06.089 DEBUG dataStore 5014 _a-0000e21d-e06a-8000-7d53-01ef9001ef90_32860 Processing reference: datatypeRef[id=2458]
2019-09-18 08:29:06.093 DEBUG dataStore 5014 _a-0000e21d-e06a-8000-7d53-01ef9001ef90_32860 Processing reference: ContentRole[name=administrators,inherit=false,allowForAll=false]
2019-09-18 08:29:06.093 DEBUG dataStore 5014 _a-0000e21d-e06a-8000-7d53-01ef9001ef90_32860 Processing reference: ContentRole[name=authors,inherit=false,allowForAll=false]
2019-09-18 08:29:06.093 DEBUG dataStore 5014 _a-0000e21d-e06a-8000-7d53-01ef9001ef90_32860 Processing reference: ContentRole[name=denyAdministrators,inherit=false,allowForAll=false]
2019-09-18 08:29:06.093 DEBUG dataStore 5014 _a-0000e21d-e06a-8000-7d53-01ef9001ef90_32860 Processing reference: ContentRole[name=denyAuthors,inherit=false,allowForAll=false]
2019-09-18 08:29:06.094 DEBUG dataStore 5014 _a-0000e21d-e06a-8000-7d53-01ef9001ef90_32860 Processing reference: ContentRole[name=denyReaders,inherit=false,allowForAll=false]
2019-09-18 08:29:06.094 DEBUG dataStore 5014 _a-0000e21d-e06a-8000-7d53-01ef9001ef90_32860 Processing reference: ContentRole[name=readers,inherit=false,allowForAll=false]
2019-09-18 08:29:06.094 DEBUG dataStore 5014 _a-0000e21d-e06a-8000-7d53-01ef9001ef90_32860 Completing produce.
2019-09-18 08:29:06.094 DEBUG dataStore 5014 _a-0000e21d-e06a-8000-7d53-01ef9001ef90_32860 Exporting binary resources.
2019-09-18 08:29:06.094 DEBUG dataStore 5014 _a-0000e21d-e06a-8000-7d53-01ef9001ef90_32860 Serializing object to XML.
2019-09-18 08:29:06.095 DEBUG dataStore 5014 _a-0000e21d-e06a-8000-7d53-01ef9001ef90_32860 Object transported.
2019-09-18 08:29:06.101 DEBUG content 4186 _a-0000e21d-e06a-8000-7d53-01ef9001ef90_32205 Begin transport.
2019-09-18 08:29:06.101 DEBUG content 4186 _a-0000e21d-e06a-8000-7d53-01ef9001ef90_32205 Retrieving object data.
2019-09-18 08:29:06.115 DEBUG content 4186 _a-0000e21d-e06a-8000-7d53-01ef9001ef90_32205 Setting uuids of object references.
2019-09-18 08:29:06.115 DEBUG content 4186 _a-0000e21d-e06a-8000-7d53-01ef9001ef90_32205 Processing reference: RulesFolder.forum
2019-09-18 08:29:06.115 DEBUG content 4186 _a-0000e21d-e06a-8000-7d53-01ef9001ef90_32205 Processing reference: RulesFolder.parent
2019-09-18 08:29:06.119 DEBUG content 4186 _a-0000e21d-e06a-8000-7d53-01ef9001ef90_32205 Processing reference: com.appiancorp.suiteapi.content.ContentRoleMap@10811e2b[
  ContentRole[name=readers,inherit=false,allowForAll=false]
  ContentRole[name=authors,inherit=false,allowForAll=false]
  ContentRole[name=administrators,inherit=false,allowForAll=false]
  ContentRole[name=denyReaders,inherit=false,allowForAll=false]
  ContentRole[name=denyAuthors,inherit=false,allowForAll=false]
  ContentRole[name=denyAdministrators,inherit=false,allowForAll=false]
  securityVector=1:SEC_PUBLIC=true,SEC_CREATOR_ADMIN=false,SEC_INH_ADMIN=false,SEC_INH_EDITOR=false,SEC_INH_VIEWER=false,SEC_ALL_ADMIN=false,SEC_ALL_EDITOR=false,SEC_ALL_VIEWER=false
]
2019-09-18 08:29:06.119 DEBUG content 4186 _a-0000e21d-e06a-8000-7d53-01ef9001ef90_32205 Processing reference: ContentRole[name=readers,inherit=false,allowForAll=false]
2019-09-18 08:29:06.119 DEBUG content 4186 _a-0000e21d-e06a-8000-7d53-01ef9001ef90_32205 Processing reference: ContentRole[name=authors,inherit=false,allowForAll=false]
2019-09-18 08:29:06.119 DEBUG content 4186 _a-0000e21d-e06a-8000-7d53-01ef9001ef90_32205 Processing reference: ContentRole[name=administrators,inherit=false,allowForAll=false]
2019-09-18 08:29:06.119 DEBUG content 4186 _a-0000e21d-e06a-8000-7d53-01ef9001ef90_32205 Processing reference: ContentRole[name=denyReaders,inherit=false,allowForAll=false]
2019-09-18 08:29:06.119 DEBUG content 4186 _a-0000e21d-e06a-8000-7d53-01ef9001ef90_32205 Processing reference: ContentRole[name=denyAuthors,inherit=false,allowForAll=false]
2019-09-18 08:29:06.119 DEBUG content 4186 _a-0000e21d-e06a-8000-7d53-01ef9001ef90_32205 Processing reference: ContentRole[name=denyAdministrators,inherit=false,allowForAll=false]
2019-09-18 08:29:06.119 DEBUG content 4186 _a-0000e21d-e06a-8000-7d53-01ef9001ef90_32205 Completing produce.
2019-09-18 08:29:06.119 DEBUG content 4186 _a-0000e21d-e06a-8000-7d53-01ef9001ef90_32205 Exporting binary resources.
2019-09-18 08:29:06.119 DEBUG content 4186 _a-0000e21d-e06a-8000-7d53-01ef9001ef90_32205 Serializing object to XML.
2019-09-18 08:29:06.12 DEBUG content 4186 _a-0000e21d-e06a-8000-7d53-01ef9001ef90_32205 Object transported.
2019-09-18 08:29:06.12 DEBUG content 4187 _a-0000e21d-e06a-8000-7d53-01ef9001ef90_32210 Begin transport.
2019-09-18 08:29:06.12 DEBUG content 4187 _a-0000e21d-e06a-8000-7d53-01ef9001ef90_32210 Retrieving object data.
2019-09-18 08:29:06.14 DEBUG content 4187 _a-0000e21d-e06a-8000-7d53-01ef9001ef90_32210 Setting uuids of object references.
2019-09-18 08:29:06.14 DEBUG content 4187 _a-0000e21d-e06a-8000-7d53-01ef9001ef90_32210 Processing reference: [Content:id=4187,versionId=-1,name=TMS_DS_STATE,type=32,subtype=0,uuid=_a-0000e21d-e06a-8000-7d53-01ef9001ef90_32210,parent=4186]
2019-09-18 08:29:06.145 DEBUG content 4187 _a-0000e21d-e06a-8000-7d53-01ef9001ef90_32210 Processing reference: Constant.forum
2019-09-18 08:29:06.146 DEBUG content 4187 _a-0000e21d-e06a-8000-7d53-01ef9001ef90_32210 Processing reference: Constant.parent
2019-09-18 08:29:06.149 DEBUG content 4187 _a-0000e21d-e06a-8000-7d53-01ef9001ef90_32210 Processing reference: com.appiancorp.suiteapi.content.ContentRoleMap@fcabacd[
  ContentRole[name=readers,inherit=true,allowForAll=false]
  ContentRole[name=authors,inherit=true,allowForAll=false]
  ContentRole[name=administrators,inherit=true,allowForAll=false]
  ContentRole[name=denyReaders,inherit=false,allowForAll=false]
  ContentRole[name=denyAuthors,inherit=false,allowForAll=false]
  ContentRole[name=denyAdministrators,inherit=false,allowForAll=false]
  securityVector=15:SEC_PUBLIC=true,SEC_CREATOR_ADMIN=false,SEC_INH_ADMIN=true,SEC_INH_EDITOR=true,SEC_INH_VIEWER=true,SEC_ALL_ADMIN=false,SEC_ALL_EDITOR=false,SEC_ALL_VIEWER=false
]
2019-09-18 08:29:06.149 DEBUG content 4187 _a-0000e21d-e06a-8000-7d53-01ef9001ef90_32210 Processing reference: ContentRole[name=readers,inherit=true,allowForAll=false]
2019-09-18 08:29:06.149 DEBUG content 4187 _a-0000e21d-e06a-8000-7d53-01ef9001ef90_32210 Processing reference: ContentRole[name=authors,inherit=true,allowForAll=false]
2019-09-18 08:29:06.149 DEBUG content 4187 _a-0000e21d-e06a-8000-7d53-01ef9001ef90_32210 Processing reference: ContentRole[name=administrators,inherit=true,allowForAll=false]
2019-09-18 08:29:06.149 DEBUG content 4187 _a-0000e21d-e06a-8000-7d53-01ef9001ef90_32210 Processing reference: ContentRole[name=denyReaders,inherit=false,allowForAll=false]
2019-09-18 08:29:06.149 DEBUG content 4187 _a-0000e21d-e06a-8000-7d53-01ef9001ef90_32210 Processing reference: ContentRole[name=denyAuthors,inherit=false,allowForAll=false]
2019-09-18 08:29:06.149 DEBUG content 4187 _a-0000e21d-e06a-8000-7d53-01ef9001ef90_32210 Processing reference: ContentRole[name=denyAdministrators,inherit=false,allowForAll=false]
2019-09-18 08:29:06.149 DEBUG content 4187 _a-0000e21d-e06a-8000-7d53-01ef9001ef90_32210 Completing produce.
2019-09-18 08:29:06.149 DEBUG content 4187 _a-0000e21d-e06a-8000-7d53-01ef9001ef90_32210 Exporting binary resources.
2019-09-18 08:29:06.149 DEBUG content 4187 _a-0000e21d-e06a-8000-7d53-01ef9001ef90_32210 Serializing object to XML.
2019-09-18 08:29:06.153 DEBUG content 4187 _a-0000e21d-e06a-8000-7d53-01ef9001ef90_32210 Object transported.
2019-09-18 08:29:06.153 DEBUG content 4188 _a-0000e21d-e06a-8000-7d53-01ef9001ef90_32216 Begin transport.
2019-09-18 08:29:06.154 DEBUG content 4188 _a-0000e21d-e06a-8000-7d53-01ef9001ef90_32216 Retrieving object data.
2019-09-18 08:29:06.164 DEBUG content 4188 _a-0000e21d-e06a-8000-7d53-01ef9001ef90_32216 Setting uuids of object references.
2019-09-18 08:29:06.164 DEBUG content 4188 _a-0000e21d-e06a-8000-7d53-01ef9001ef90_32216 Processing reference: [Content:id=4188,versionId=-1,name=TMS_qeGetStateDetails,type=32,subtype=1,uuid=_a-0000e21d-e06a-8000-7d53-01ef9001ef90_32216,parent=4186]
2019-09-18 08:29:06.174 DEBUG content 4188 _a-0000e21d-e06a-8000-7d53-01ef9001ef90_32216 Processing reference: FreeformRule.forum
2019-09-18 08:29:06.174 DEBUG content 4188 _a-0000e21d-e06a-8000-7d53-01ef9001ef90_32216 Processing reference: FreeformRule.parent
2019-09-18 08:29:06.177 DEBUG content 4188 _a-0000e21d-e06a-8000-7d53-01ef9001ef90_32216 Processing reference: com.appiancorp.suiteapi.content.ContentRoleMap@31f68940[
  ContentRole[name=readers,inherit=true,allowForAll=false]
  ContentRole[name=authors,inherit=true,allowForAll=false]
  ContentRole[name=administrators,inherit=true,allowForAll=false]
  ContentRole[name=denyReaders,inherit=false,allowForAll=false]
  ContentRole[name=denyAuthors,inherit=false,allowForAll=false]
  ContentRole[name=denyAdministrators,inherit=false,allowForAll=false]
  securityVector=15:SEC_PUBLIC=true,SEC_CREATOR_ADMIN=false,SEC_INH_ADMIN=true,SEC_INH_EDITOR=true,SEC_INH_VIEWER=true,SEC_ALL_ADMIN=false,SEC_ALL_EDITOR=false,SEC_ALL_VIEWER=false
]
2019-09-18 08:29:06.177 DEBUG content 4188 _a-0000e21d-e06a-8000-7d53-01ef9001ef90_32216 Processing reference: ContentRole[name=readers,inherit=true,allowForAll=false]
2019-09-18 08:29:06.177 DEBUG content 4188 _a-0000e21d-e06a-8000-7d53-01ef9001ef90_32216 Processing reference: ContentRole[name=authors,inherit=true,allowForAll=false]
2019-09-18 08:29:06.178 DEBUG content 4188 _a-0000e21d-e06a-8000-7d53-01ef9001ef90_32216 Processing reference: ContentRole[name=administrators,inherit=true,allowForAll=false]
2019-09-18 08:29:06.178 DEBUG content 4188 _a-0000e21d-e06a-8000-7d53-01ef9001ef90_32216 Processing reference: ContentRole[name=denyReaders,inherit=false,allowForAll=false]
2019-09-18 08:29:06.178 DEBUG content 4188 _a-0000e21d-e06a-8000-7d53-01ef9001ef90_32216 Processing reference: ContentRole[name=denyAuthors,inherit=false,allowForAll=false]
2019-09-18 08:29:06.178 DEBUG content 4188 _a-0000e21d-e06a-8000-7d53-01ef9001ef90_32216 Processing reference: ContentRole[name=denyAdministrators,inherit=false,allowForAll=false]
2019-09-18 08:29:06.178 DEBUG content 4188 _a-0000e21d-e06a-8000-7d53-01ef9001ef90_32216 Completing produce.
2019-09-18 08:29:06.178 DEBUG content 4188 _a-0000e21d-e06a-8000-7d53-01ef9001ef90_32216 Exporting binary resources.
2019-09-18 08:29:06.178 DEBUG content 4188 _a-0000e21d-e06a-8000-7d53-01ef9001ef90_32216 Serializing object to XML.
2019-09-18 08:29:06.179 DEBUG content 4188 _a-0000e21d-e06a-8000-7d53-01ef9001ef90_32216 Object transported.
2019-09-18 08:29:06.179 DEBUG content 4189 _a-0000e21d-e06a-8000-7d53-01ef9001ef90_32222 Begin transport.
2019-09-18 08:29:06.179 DEBUG content 4189 _a-0000e21d-e06a-8000-7d53-01ef9001ef90_32222 Retrieving object data.
2019-09-18 08:29:06.19 DEBUG content 4189 _a-0000e21d-e06a-8000-7d53-01ef9001ef90_32222 Setting uuids of object references.
2019-09-18 08:29:06.19 DEBUG content 4189 _a-0000e21d-e06a-8000-7d53-01ef9001ef90_32222 Processing reference: [Content:id=4189,versionId=-1,name=TMS_uiSectionStateGrid,type=32,subtype=6,uuid=_a-0000e21d-e06a-8000-7d53-01ef9001ef90_32222,parent=4186]
2019-09-18 08:29:06.206 DEBUG content 4189 _a-0000e21d-e06a-8000-7d53-01ef9001ef90_32222 Processing reference: Interface.forum
2019-09-18 08:29:06.207 DEBUG content 4189 _a-0000e21d-e06a-8000-7d53-01ef9001ef90_32222 Processing reference: Interface.parent
2019-09-18 08:29:06.211 DEBUG content 4189 _a-0000e21d-e06a-8000-7d53-01ef9001ef90_32222 Processing reference: com.appiancorp.suiteapi.content.ContentRoleMap@525cc6bf[
  ContentRole[name=readers,inherit=true,allowForAll=false]
  ContentRole[name=authors,inherit=true,allowForAll=false]
  ContentRole[name=administrators,inherit=true,allowForAll=false]
  ContentRole[name=denyReaders,inherit=false,allowForAll=false]
  ContentRole[name=denyAuthors,inherit=false,allowForAll=false]
  ContentRole[name=denyAdministrators,inherit=false,allowForAll=false]
  securityVector=15:SEC_PUBLIC=true,SEC_CREATOR_ADMIN=false,SEC_INH_ADMIN=true,SEC_INH_EDITOR=true,SEC_INH_VIEWER=true,SEC_ALL_ADMIN=false,SEC_ALL_EDITOR=false,SEC_ALL_VIEWER=false
]
2019-09-18 08:29:06.211 DEBUG content 4189 _a-0000e21d-e06a-8000-7d53-01ef9001ef90_32222 Processing reference: ContentRole[name=readers,inherit=true,allowForAll=false]
2019-09-18 08:29:06.211 DEBUG content 4189 _a-0000e21d-e06a-8000-7d53-01ef9001ef90_32222 Processing reference: ContentRole[name=authors,inherit=true,allowForAll=false]
2019-09-18 08:29:06.211 DEBUG content 4189 _a-0000e21d-e06a-8000-7d53-01ef9001ef90_32222 Processing reference: ContentRole[name=administrators,inherit=true,allowForAll=false]
2019-09-18 08:29:06.211 DEBUG content 4189 _a-0000e21d-e06a-8000-7d53-01ef9001ef90_32222 Processing reference: ContentRole[name=denyReaders,inherit=false,allowForAll=false]
2019-09-18 08:29:06.211 DEBUG content 4189 _a-0000e21d-e06a-8000-7d53-01ef9001ef90_32222 Processing reference: ContentRole[name=denyAuthors,inherit=false,allowForAll=false]
2019-09-18 08:29:06.211 DEBUG content 4189 _a-0000e21d-e06a-8000-7d53-01ef9001ef90_32222 Processing reference: ContentRole[name=denyAdministrators,inherit=false,allowForAll=false]
2019-09-18 08:29:06.211 DEBUG content 4189 _a-0000e21d-e06a-8000-7d53-01ef9001ef90_32222 Completing produce.
2019-09-18 08:29:06.211 DEBUG content 4189 _a-0000e21d-e06a-8000-7d53-01ef9001ef90_32222 Exporting binary resources.
2019-09-18 08:29:06.212 DEBUG content 4189 _a-0000e21d-e06a-8000-7d53-01ef9001ef90_32222 Serializing object to XML.
2019-09-18 08:29:06.213 DEBUG content 4189 _a-0000e21d-e06a-8000-7d53-01ef9001ef90_32222 Object transported.
2019-09-18 08:29:06.213 DEBUG content 4190 _a-0000e21d-e06a-8000-7d53-01ef9001ef90_32304 Begin transport.
2019-09-18 08:29:06.213 DEBUG content 4190 _a-0000e21d-e06a-8000-7d53-01ef9001ef90_32304 Retrieving object data.
2019-09-18 08:29:06.223 DEBUG content 4190 _a-0000e21d-e06a-8000-7d53-01ef9001ef90_32304 Setting uuids of object references.
2019-09-18 08:29:06.223 DEBUG content 4190 _a-0000e21d-e06a-8000-7d53-01ef9001ef90_32304 Processing reference: [Content:id=4190,versionId=-1,name=TMS_Test,type=32,subtype=0,uuid=_a-0000e21d-e06a-8000-7d53-01ef9001ef90_32304,parent=4186]
2019-09-18 08:29:06.223 DEBUG content 4190 _a-0000e21d-e06a-8000-7d53-01ef9001ef90_32304 Processing reference: Constant.forum
2019-09-18 08:29:06.224 DEBUG content 4190 _a-0000e21d-e06a-8000-7d53-01ef9001ef90_32304 Processing reference: Constant.parent
2019-09-18 08:29:06.227 DEBUG content 4190 _a-0000e21d-e06a-8000-7d53-01ef9001ef90_32304 Processing reference: com.appiancorp.suiteapi.content.ContentRoleMap@64b9dd72[
  ContentRole[name=readers,inherit=true,allowForAll=false]
  ContentRole[name=authors,inherit=true,allowForAll=false]
  ContentRole[name=administrators,inherit=true,allowForAll=false]
  ContentRole[name=denyReaders,inherit=false,allowForAll=false]
  ContentRole[name=denyAuthors,inherit=false,allowForAll=false]
  ContentRole[name=denyAdministrators,inherit=false,allowForAll=false]
  securityVector=15:SEC_PUBLIC=true,SEC_CREATOR_ADMIN=false,SEC_INH_ADMIN=true,SEC_INH_EDITOR=true,SEC_INH_VIEWER=true,SEC_ALL_ADMIN=false,SEC_ALL_EDITOR=false,SEC_ALL_VIEWER=false
]
2019-09-18 08:29:06.227 DEBUG content 4190 _a-0000e21d-e06a-8000-7d53-01ef9001ef90_32304 Processing reference: ContentRole[name=readers,inherit=true,allowForAll=false]
2019-09-18 08:29:06.227 DEBUG content 4190 _a-0000e21d-e06a-8000-7d53-01ef9001ef90_32304 Processing reference: ContentRole[name=authors,inherit=true,allowForAll=false]
2019-09-18 08:29:06.227 DEBUG content 4190 _a-0000e21d-e06a-8000-7d53-01ef9001ef90_32304 Processing reference: ContentRole[name=administrators,inherit=true,allowForAll=false]
2019-09-18 08:29:06.227 DEBUG content 4190 _a-0000e21d-e06a-8000-7d53-01ef9001ef90_32304 Processing reference: ContentRole[name=denyReaders,inherit=false,allowForAll=false]
2019-09-18 08:29:06.227 DEBUG content 4190 _a-0000e21d-e06a-8000-7d53-01ef9001ef90_32304 Processing reference: ContentRole[name=denyAuthors,inherit=false,allowForAll=false]
2019-09-18 08:29:06.227 DEBUG content 4190 _a-0000e21d-e06a-8000-7d53-01ef9001ef90_32304 Processing reference: ContentRole[name=denyAdministrators,inherit=false,allowForAll=false]
2019-09-18 08:29:06.228 DEBUG content 4190 _a-0000e21d-e06a-8000-7d53-01ef9001ef90_32304 Completing produce.
2019-09-18 08:29:06.228 DEBUG content 4190 _a-0000e21d-e06a-8000-7d53-01ef9001ef90_32304 Exporting binary resources.
2019-09-18 08:29:06.228 DEBUG content 4190 _a-0000e21d-e06a-8000-7d53-01ef9001ef90_32304 Serializing object to XML.
2019-09-18 08:29:06.231 DEBUG content 4190 _a-0000e21d-e06a-8000-7d53-01ef9001ef90_32304 Object transported.
2019-09-18 08:29:06.231 DEBUG content 4191 _a-0000e21d-e06a-8000-7d53-01ef9001ef90_32412 Begin transport.
2019-09-18 08:29:06.231 DEBUG content 4191 _a-0000e21d-e06a-8000-7d53-01ef9001ef90_32412 Retrieving object data.
2019-09-18 08:29:06.248 DEBUG content 4191 _a-0000e21d-e06a-8000-7d53-01ef9001ef90_32412 Setting uuids of object references.
2019-09-18 08:29:06.248 DEBUG content 4191 _a-0000e21d-e06a-8000-7d53-01ef9001ef90_32412 Processing reference: [Content:id=4191,versionId=-1,name=TMS_TestRule,type=32,subtype=1,uuid=_a-0000e21d-e06a-8000-7d53-01ef9001ef90_32412,parent=4186]
2019-09-18 08:29:06.249 DEBUG content 4191 _a-0000e21d-e06a-8000-7d53-01ef9001ef90_32412 Processing reference: FreeformRule.forum
2019-09-18 08:29:06.249 DEBUG content 4191 _a-0000e21d-e06a-8000-7d53-01ef9001ef90_32412 Processing reference: FreeformRule.parent
2019-09-18 08:29:06.252 DEBUG content 4191 _a-0000e21d-e06a-8000-7d53-01ef9001ef90_32412 Processing reference: com.appiancorp.suiteapi.content.ContentRoleMap@160f9249[
  ContentRole[name=readers,inherit=true,allowForAll=false]
  ContentRole[name=authors,inherit=true,allowForAll=false]
  ContentRole[name=administrators,inherit=true,allowForAll=false]
  ContentRole[name=denyReaders,inherit=false,allowForAll=false]
  ContentRole[name=denyAuthors,inherit=false,allowForAll=false]
  ContentRole[name=denyAdministrators,inherit=false,allowForAll=false]
  securityVector=15:SEC_PUBLIC=true,SEC_CREATOR_ADMIN=false,SEC_INH_ADMIN=true,SEC_INH_EDITOR=true,SEC_INH_VIEWER=true,SEC_ALL_ADMIN=false,SEC_ALL_EDITOR=false,SEC_ALL_VIEWER=false
]
2019-09-18 08:29:06.252 DEBUG content 4191 _a-0000e21d-e06a-8000-7d53-01ef9001ef90_32412 Processing reference: ContentRole[name=readers,inherit=true,allowForAll=false]
2019-09-18 08:29:06.252 DEBUG content 4191 _a-0000e21d-e06a-8000-7d53-01ef9001ef90_32412 Processing reference: ContentRole[name=authors,inherit=true,allowForAll=false]
2019-09-18 08:29:06.252 DEBUG content 4191 _a-0000e21d-e06a-8000-7d53-01ef9001ef90_32412 Processing reference: ContentRole[name=administrators,inherit=true,allowForAll=false]
2019-09-18 08:29:06.252 DEBUG content 4191 _a-0000e21d-e06a-8000-7d53-01ef9001ef90_32412 Processing reference: ContentRole[name=denyReaders,inherit=false,allowForAll=false]
2019-09-18 08:29:06.252 DEBUG content 4191 _a-0000e21d-e06a-8000-7d53-01ef9001ef90_32412 Processing reference: ContentRole[name=denyAuthors,inherit=false,allowForAll=false]
2019-09-18 08:29:06.252 DEBUG content 4191 _a-0000e21d-e06a-8000-7d53-01ef9001ef90_32412 Processing reference: ContentRole[name=denyAdministrators,inherit=false,allowForAll=false]
2019-09-18 08:29:06.254 DEBUG content 4191 _a-0000e21d-e06a-8000-7d53-01ef9001ef90_32412 Completing produce.
2019-09-18 08:29:06.254 DEBUG content 4191 _a-0000e21d-e06a-8000-7d53-01ef9001ef90_32412 Exporting binary resources.
2019-09-18 08:29:06.254 DEBUG content 4191 _a-0000e21d-e06a-8000-7d53-01ef9001ef90_32412 Serializing object to XML.
2019-09-18 08:29:06.258 DEBUG content 4191 _a-0000e21d-e06a-8000-7d53-01ef9001ef90_32412 Object transported.
2019-09-18 08:29:06.258 DEBUG content 4192 _a-0000e21d-e06a-8000-7d53-01ef9001ef90_32620 Begin transport.
2019-09-18 08:29:06.258 DEBUG content 4192 _a-0000e21d-e06a-8000-7d53-01ef9001ef90_32620 Retrieving object data.
2019-09-18 08:29:06.269 DEBUG content 4192 _a-0000e21d-e06a-8000-7d53-01ef9001ef90_32620 Setting uuids of object references.
2019-09-18 08:29:06.27 DEBUG content 4192 _a-0000e21d-e06a-8000-7d53-01ef9001ef90_32620 Processing reference: [Content:id=4192,versionId=-1,name=TMS_Test_Two,type=32,subtype=1,uuid=_a-0000e21d-e06a-8000-7d53-01ef9001ef90_32620,parent=4186]
2019-09-18 08:29:06.27 DEBUG content 4192 _a-0000e21d-e06a-8000-7d53-01ef9001ef90_32620 Processing reference: FreeformRule.forum
2019-09-18 08:29:06.27 DEBUG content 4192 _a-0000e21d-e06a-8000-7d53-01ef9001ef90_32620 Processing reference: FreeformRule.parent
2019-09-18 08:29:06.273 DEBUG content 4192 _a-0000e21d-e06a-8000-7d53-01ef9001ef90_32620 Processing reference: com.appiancorp.suiteapi.content.ContentRoleMap@441ecfb5[
  ContentRole[name=readers,inherit=true,allowForAll=false]
  ContentRole[name=authors,inherit=true,allowForAll=false]
  ContentRole[name=administrators,inherit=true,allowForAll=false]
  ContentRole[name=denyReaders,inherit=false,allowForAll=false]
  ContentRole[name=denyAuthors,inherit=false,allowForAll=false]
  ContentRole[name=denyAdministrators,inherit=false,allowForAll=false]
  securityVector=15:SEC_PUBLIC=true,SEC_CREATOR_ADMIN=false,SEC_INH_ADMIN=true,SEC_INH_EDITOR=true,SEC_INH_VIEWER=true,SEC_ALL_ADMIN=false,SEC_ALL_EDITOR=false,SEC_ALL_VIEWER=false
]
2019-09-18 08:29:06.273 DEBUG content 4192 _a-0000e21d-e06a-8000-7d53-01ef9001ef90_32620 Processing reference: ContentRole[name=readers,inherit=true,allowForAll=false]
2019-09-18 08:29:06.273 DEBUG content 4192 _a-0000e21d-e06a-8000-7d53-01ef9001ef90_32620 Processing reference: ContentRole[name=authors,inherit=true,allowForAll=false]
2019-09-18 08:29:06.274 DEBUG content 4192 _a-0000e21d-e06a-8000-7d53-01ef9001ef90_32620 Processing reference: ContentRole[name=administrators,inherit=true,allowForAll=false]
2019-09-18 08:29:06.274 DEBUG content 4192 _a-0000e21d-e06a-8000-7d53-01ef9001ef90_32620 Processing reference: ContentRole[name=denyReaders,inherit=false,allowForAll=false]
2019-09-18 08:29:06.274 DEBUG content 4192 _a-0000e21d-e06a-8000-7d53-01ef9001ef90_32620 Processing reference: ContentRole[name=denyAuthors,inherit=false,allowForAll=false]
2019-09-18 08:29:06.274 DEBUG content 4192 _a-0000e21d-e06a-8000-7d53-01ef9001ef90_32620 Processing reference: ContentRole[name=denyAdministrators,inherit=false,allowForAll=false]
2019-09-18 08:29:06.274 DEBUG content 4192 _a-0000e21d-e06a-8000-7d53-01ef9001ef90_32620 Completing produce.
2019-09-18 08:29:06.274 DEBUG content 4192 _a-0000e21d-e06a-8000-7d53-01ef9001ef90_32620 Exporting binary resources.
2019-09-18 08:29:06.274 DEBUG content 4192 _a-0000e21d-e06a-8000-7d53-01ef9001ef90_32620 Serializing object to XML.
2019-09-18 08:29:06.275 DEBUG content 4192 _a-0000e21d-e06a-8000-7d53-01ef9001ef90_32620 Object transported.
2019-09-18 08:29:06.275 DEBUG content 4193 _a-0000e21d-e06a-8000-7d53-01ef9001ef90_43993 Begin transport.
2019-09-18 08:29:06.275 DEBUG content 4193 _a-0000e21d-e06a-8000-7d53-01ef9001ef90_43993 Retrieving object data.
2019-09-18 08:29:06.29 DEBUG content 4193 _a-0000e21d-e06a-8000-7d53-01ef9001ef90_43993 Setting uuids of object references.
2019-09-18 08:29:06.29 DEBUG content 4193 _a-0000e21d-e06a-8000-7d53-01ef9001ef90_43993 Processing reference: [Content:id=4193,versionId=-1,name=TMS_getTravelInfo,type=32,subtype=1,uuid=_a-0000e21d-e06a-8000-7d53-01ef9001ef90_43993,parent=4186]
2019-09-18 08:29:06.291 DEBUG content 4193 _a-0000e21d-e06a-8000-7d53-01ef9001ef90_43993 Processing reference: FreeformRule.forum
2019-09-18 08:29:06.291 DEBUG content 4193 _a-0000e21d-e06a-8000-7d53-01ef9001ef90_43993 Processing reference: TypedVariable[name=travelName,it=3,v=]
2019-09-18 08:29:06.292 DEBUG content 4193 _a-0000e21d-e06a-8000-7d53-01ef9001ef90_43993 Processing reference: FreeformRule.parent
2019-09-18 08:29:06.294 DEBUG content 4193 _a-0000e21d-e06a-8000-7d53-01ef9001ef90_43993 Processing reference: com.appiancorp.suiteapi.content.ContentRoleMap@5c4c3aef[
  ContentRole[name=readers,inherit=true,allowForAll=false]
  ContentRole[name=authors,inherit=true,allowForAll=false]
  ContentRole[name=administrators,inherit=true,allowForAll=false]
  ContentRole[name=denyReaders,inherit=false,allowForAll=false]
  ContentRole[name=denyAuthors,inherit=false,allowForAll=false]
  ContentRole[name=denyAdministrators,inherit=false,allowForAll=false]
  securityVector=15:SEC_PUBLIC=true,SEC_CREATOR_ADMIN=false,SEC_INH_ADMIN=true,SEC_INH_EDITOR=true,SEC_INH_VIEWER=true,SEC_ALL_ADMIN=false,SEC_ALL_EDITOR=false,SEC_ALL_VIEWER=false
]
2019-09-18 08:29:06.295 DEBUG content 4193 _a-0000e21d-e06a-8000-7d53-01ef9001ef90_43993 Processing reference: ContentRole[name=readers,inherit=true,allowForAll=false]
2019-09-18 08:29:06.295 DEBUG content 4193 _a-0000e21d-e06a-8000-7d53-01ef9001ef90_43993 Processing reference: ContentRole[name=authors,inherit=true,allowForAll=false]
2019-09-18 08:29:06.295 DEBUG content 4193 _a-0000e21d-e06a-8000-7d53-01ef9001ef90_43993 Processing reference: ContentRole[name=administrators,inherit=true,allowForAll=false]
2019-09-18 08:29:06.295 DEBUG content 4193 _a-0000e21d-e06a-8000-7d53-01ef9001ef90_43993 Processing reference: ContentRole[name=denyReaders,inherit=false,allowForAll=false]
2019-09-18 08:29:06.295 DEBUG content 4193 _a-0000e21d-e06a-8000-7d53-01ef9001ef90_43993 Processing reference: ContentRole[name=denyAuthors,inherit=false,allowForAll=false]
2019-09-18 08:29:06.295 DEBUG content 4193 _a-0000e21d-e06a-8000-7d53-01ef9001ef90_43993 Processing reference: ContentRole[name=denyAdministrators,inherit=false,allowForAll=false]
2019-09-18 08:29:06.296 DEBUG content 4193 _a-0000e21d-e06a-8000-7d53-01ef9001ef90_43993 Completing produce.
2019-09-18 08:29:06.296 DEBUG content 4193 _a-0000e21d-e06a-8000-7d53-01ef9001ef90_43993 Exporting binary resources.
2019-09-18 08:29:06.296 DEBUG content 4193 _a-0000e21d-e06a-8000-7d53-01ef9001ef90_43993 Serializing object to XML.
2019-09-18 08:29:06.302 DEBUG content 4193 _a-0000e21d-e06a-8000-7d53-01ef9001ef90_43993 Object transported.
2019-09-18 08:29:06.302 DEBUG content 5021 _a-0000e21d-e06a-8000-7d53-01ef9001ef90_55454 Begin transport.
2019-09-18 08:29:06.302 DEBUG content 5021 _a-0000e21d-e06a-8000-7d53-01ef9001ef90_55454 Retrieving object data.
2019-09-18 08:29:06.311 DEBUG content 5021 _a-0000e21d-e06a-8000-7d53-01ef9001ef90_55454 Setting uuids of object references.
2019-09-18 08:29:06.311 DEBUG content 5021 _a-0000e21d-e06a-8000-7d53-01ef9001ef90_55454 Processing reference: [Content:id=4989,versionId=-1,name=TMS_newConstant,type=32,subtype=0,uuid=_a-0000e21d-e06a-8000-7d53-01ef9001ef90_55454,parent=4186]
2019-09-18 08:29:06.312 DEBUG content 5021 _a-0000e21d-e06a-8000-7d53-01ef9001ef90_55454 Processing reference: Constant.forum
2019-09-18 08:29:06.312 DEBUG content 5021 _a-0000e21d-e06a-8000-7d53-01ef9001ef90_55454 Processing reference: Constant.parent
2019-09-18 08:29:06.315 DEBUG content 5021 _a-0000e21d-e06a-8000-7d53-01ef9001ef90_55454 Processing reference: com.appiancorp.suiteapi.content.ContentRoleMap@29bd4116[
  ContentRole[name=readers,inherit=true,allowForAll=false]
  ContentRole[name=authors,inherit=true,allowForAll=false]
  ContentRole[name=administrators,inherit=true,allowForAll=false]
  ContentRole[name=denyReaders,inherit=false,allowForAll=false]
  ContentRole[name=denyAuthors,inherit=false,allowForAll=false]
  ContentRole[name=denyAdministrators,inherit=false,allowForAll=false]
  securityVector=15:SEC_PUBLIC=true,SEC_CREATOR_ADMIN=false,SEC_INH_ADMIN=true,SEC_INH_EDITOR=true,SEC_INH_VIEWER=true,SEC_ALL_ADMIN=false,SEC_ALL_EDITOR=false,SEC_ALL_VIEWER=false
]
2019-09-18 08:29:06.315 DEBUG content 5021 _a-0000e21d-e06a-8000-7d53-01ef9001ef90_55454 Processing reference: ContentRole[name=readers,inherit=true,allowForAll=false]
2019-09-18 08:29:06.315 DEBUG content 5021 _a-0000e21d-e06a-8000-7d53-01ef9001ef90_55454 Processing reference: ContentRole[name=authors,inherit=true,allowForAll=false]
2019-09-18 08:29:06.315 DEBUG content 5021 _a-0000e21d-e06a-8000-7d53-01ef9001ef90_55454 Processing reference: ContentRole[name=administrators,inherit=true,allowForAll=false]
2019-09-18 08:29:06.315 DEBUG content 5021 _a-0000e21d-e06a-8000-7d53-01ef9001ef90_55454 Processing reference: ContentRole[name=denyReaders,inherit=false,allowForAll=false]
2019-09-18 08:29:06.315 DEBUG content 5021 _a-0000e21d-e06a-8000-7d53-01ef9001ef90_55454 Processing reference: ContentRole[name=denyAuthors,inherit=false,allowForAll=false]
2019-09-18 08:29:06.315 DEBUG content 5021 _a-0000e21d-e06a-8000-7d53-01ef9001ef90_55454 Processing reference: ContentRole[name=denyAdministrators,inherit=false,allowForAll=false]
2019-09-18 08:29:06.317 DEBUG content 5021 _a-0000e21d-e06a-8000-7d53-01ef9001ef90_55454 Registering export properties.
2019-09-18 08:29:06.317 DEBUG content 5021 _a-0000e21d-e06a-8000-7d53-01ef9001ef90_55454 Completing produce.
2019-09-18 08:29:06.317 DEBUG content 5021 _a-0000e21d-e06a-8000-7d53-01ef9001ef90_55454 Exporting binary resources.
2019-09-18 08:29:06.317 DEBUG content 5021 _a-0000e21d-e06a-8000-7d53-01ef9001ef90_55454 Serializing object to XML.
2019-09-18 08:29:06.32 DEBUG content 5021 _a-0000e21d-e06a-8000-7d53-01ef9001ef90_55454 Object transported.
2019-09-18 08:29:06.32 DEBUG content 4334 _a-0000e236-2bab-8000-23f0-01ef9001ef90_22605 Begin transport.
2019-09-18 08:29:06.32 DEBUG content 4334 _a-0000e236-2bab-8000-23f0-01ef9001ef90_22605 Retrieving object data.
2019-09-18 08:29:06.338 DEBUG content 4334 _a-0000e236-2bab-8000-23f0-01ef9001ef90_22605 Setting uuids of object references.
2019-09-18 08:29:06.338 DEBUG content 4334 _a-0000e236-2bab-8000-23f0-01ef9001ef90_22605 Processing reference: [Content:id=4329,versionId=-1,name=Test_Expression,type=32,subtype=1,uuid=_a-0000e236-2bab-8000-23f0-01ef9001ef90_22605,parent=4186]
2019-09-18 08:29:06.339 DEBUG content 4334 _a-0000e236-2bab-8000-23f0-01ef9001ef90_22605 Processing reference: FreeformRule.forum
2019-09-18 08:29:06.339 DEBUG content 4334 _a-0000e236-2bab-8000-23f0-01ef9001ef90_22605 Processing reference: TypedVariable[name=states,it=2458,v=<null>]
2019-09-18 08:29:06.339 DEBUG content 4334 _a-0000e236-2bab-8000-23f0-01ef9001ef90_22605 Processing reference: TypedVariable[name=message,it=3,v=]
2019-09-18 08:29:06.339 DEBUG content 4334 _a-0000e236-2bab-8000-23f0-01ef9001ef90_22605 Processing reference: FreeformRule.parent
2019-09-18 08:29:06.343 DEBUG content 4334 _a-0000e236-2bab-8000-23f0-01ef9001ef90_22605 Processing reference: com.appiancorp.suiteapi.content.ContentRoleMap@8a46e69[
  ContentRole[name=readers,inherit=true,allowForAll=false]
  ContentRole[name=authors,inherit=true,allowForAll=false]
  ContentRole[name=administrators,inherit=true,allowForAll=false]
  ContentRole[name=denyReaders,inherit=false,allowForAll=false]
  ContentRole[name=denyAuthors,inherit=false,allowForAll=false]
  ContentRole[name=denyAdministrators,inherit=false,allowForAll=false]
  securityVector=15:SEC_PUBLIC=true,SEC_CREATOR_ADMIN=false,SEC_INH_ADMIN=true,SEC_INH_EDITOR=true,SEC_INH_VIEWER=true,SEC_ALL_ADMIN=false,SEC_ALL_EDITOR=false,SEC_ALL_VIEWER=false
]
2019-09-18 08:29:06.343 DEBUG content 4334 _a-0000e236-2bab-8000-23f0-01ef9001ef90_22605 Processing reference: ContentRole[name=readers,inherit=true,allowForAll=false]
2019-09-18 08:29:06.343 DEBUG content 4334 _a-0000e236-2bab-8000-23f0-01ef9001ef90_22605 Processing reference: ContentRole[name=authors,inherit=true,allowForAll=false]
2019-09-18 08:29:06.343 DEBUG content 4334 _a-0000e236-2bab-8000-23f0-01ef9001ef90_22605 Processing reference: ContentRole[name=administrators,inherit=true,allowForAll=false]
2019-09-18 08:29:06.343 DEBUG content 4334 _a-0000e236-2bab-8000-23f0-01ef9001ef90_22605 Processing reference: ContentRole[name=denyReaders,inherit=false,allowForAll=false]
2019-09-18 08:29:06.343 DEBUG content 4334 _a-0000e236-2bab-8000-23f0-01ef9001ef90_22605 Processing reference: ContentRole[name=denyAuthors,inherit=false,allowForAll=false]
2019-09-18 08:29:06.343 DEBUG content 4334 _a-0000e236-2bab-8000-23f0-01ef9001ef90_22605 Processing reference: ContentRole[name=denyAdministrators,inherit=false,allowForAll=false]
2019-09-18 08:29:06.345 DEBUG content 4334 _a-0000e236-2bab-8000-23f0-01ef9001ef90_22605 Completing produce.
2019-09-18 08:29:06.345 DEBUG content 4334 _a-0000e236-2bab-8000-23f0-01ef9001ef90_22605 Exporting binary resources.
2019-09-18 08:29:06.345 DEBUG content 4334 _a-0000e236-2bab-8000-23f0-01ef9001ef90_22605 Serializing object to XML.
2019-09-18 08:29:06.354 DEBUG content 4334 _a-0000e236-2bab-8000-23f0-01ef9001ef90_22605 Object transported.
2019-09-18 08:29:06.354 DEBUG content 4336 _a-0000e236-2bab-8000-23f0-01ef9001ef90_22656 Begin transport.
2019-09-18 08:29:06.354 DEBUG content 4336 _a-0000e236-2bab-8000-23f0-01ef9001ef90_22656 Retrieving object data.
2019-09-18 08:29:06.369 DEBUG content 4336 _a-0000e236-2bab-8000-23f0-01ef9001ef90_22656 Setting uuids of object references.
2019-09-18 08:29:06.369 DEBUG content 4336 _a-0000e236-2bab-8000-23f0-01ef9001ef90_22656 Processing reference: [Content:id=4335,versionId=-1,name=Test_Exp2,type=32,subtype=1,uuid=_a-0000e236-2bab-8000-23f0-01ef9001ef90_22656,parent=4186]
2019-09-18 08:29:06.369 DEBUG content 4336 _a-0000e236-2bab-8000-23f0-01ef9001ef90_22656 Processing reference: FreeformRule.forum
2019-09-18 08:29:06.37 DEBUG content 4336 _a-0000e236-2bab-8000-23f0-01ef9001ef90_22656 Processing reference: TypedVariable[name=states,it=2458,v=<null>]
2019-09-18 08:29:06.37 DEBUG content 4336 _a-0000e236-2bab-8000-23f0-01ef9001ef90_22656 Processing reference: FreeformRule.parent
2019-09-18 08:29:06.373 DEBUG content 4336 _a-0000e236-2bab-8000-23f0-01ef9001ef90_22656 Processing reference: com.appiancorp.suiteapi.content.ContentRoleMap@1df69e2b[
  ContentRole[name=readers,inherit=true,allowForAll=false]
  ContentRole[name=authors,inherit=true,allowForAll=false]
  ContentRole[name=administrators,inherit=true,allowForAll=false]
  ContentRole[name=denyReaders,inherit=false,allowForAll=false]
  ContentRole[name=denyAuthors,inherit=false,allowForAll=false]
  ContentRole[name=denyAdministrators,inherit=false,allowForAll=false]
  securityVector=15:SEC_PUBLIC=true,SEC_CREATOR_ADMIN=false,SEC_INH_ADMIN=true,SEC_INH_EDITOR=true,SEC_INH_VIEWER=true,SEC_ALL_ADMIN=false,SEC_ALL_EDITOR=false,SEC_ALL_VIEWER=false
]
2019-09-18 08:29:06.373 DEBUG content 4336 _a-0000e236-2bab-8000-23f0-01ef9001ef90_22656 Processing reference: ContentRole[name=readers,inherit=true,allowForAll=false]
2019-09-18 08:29:06.373 DEBUG content 4336 _a-0000e236-2bab-8000-23f0-01ef9001ef90_22656 Processing reference: ContentRole[name=authors,inherit=true,allowForAll=false]
2019-09-18 08:29:06.373 DEBUG content 4336 _a-0000e236-2bab-8000-23f0-01ef9001ef90_22656 Processing reference: ContentRole[name=administrators,inherit=true,allowForAll=false]
2019-09-18 08:29:06.373 DEBUG content 4336 _a-0000e236-2bab-8000-23f0-01ef9001ef90_22656 Processing reference: ContentRole[name=denyReaders,inherit=false,allowForAll=false]
2019-09-18 08:29:06.373 DEBUG content 4336 _a-0000e236-2bab-8000-23f0-01ef9001ef90_22656 Processing reference: ContentRole[name=denyAuthors,inherit=false,allowForAll=false]
2019-09-18 08:29:06.373 DEBUG content 4336 _a-0000e236-2bab-8000-23f0-01ef9001ef90_22656 Processing reference: ContentRole[name=denyAdministrators,inherit=false,allowForAll=false]
2019-09-18 08:29:06.374 DEBUG content 4336 _a-0000e236-2bab-8000-23f0-01ef9001ef90_22656 Completing produce.
2019-09-18 08:29:06.374 DEBUG content 4336 _a-0000e236-2bab-8000-23f0-01ef9001ef90_22656 Exporting binary resources.
2019-09-18 08:29:06.374 DEBUG content 4336 _a-0000e236-2bab-8000-23f0-01ef9001ef90_22656 Serializing object to XML.
2019-09-18 08:29:06.379 DEBUG content 4336 _a-0000e236-2bab-8000-23f0-01ef9001ef90_22656 Object transported.
2019-09-18 08:29:06.379 DEBUG content 4403 _a-0000e236-2bab-8000-23f0-01ef9001ef90_23015 Begin transport.
2019-09-18 08:29:06.379 DEBUG content 4403 _a-0000e236-2bab-8000-23f0-01ef9001ef90_23015 Retrieving object data.
2019-09-18 08:29:06.389 DEBUG content 4403 _a-0000e236-2bab-8000-23f0-01ef9001ef90_23015 Setting uuids of object references.
2019-09-18 08:29:06.389 DEBUG content 4403 _a-0000e236-2bab-8000-23f0-01ef9001ef90_23015 Processing reference: KnowledgeFolder.forum
2019-09-18 08:29:06.39 DEBUG content 4403 _a-0000e236-2bab-8000-23f0-01ef9001ef90_23015 Processing reference: KnowledgeFolder.parent
2019-09-18 08:29:06.392 DEBUG content 4403 _a-0000e236-2bab-8000-23f0-01ef9001ef90_23015 Processing reference: com.appiancorp.suiteapi.content.ContentRoleMap@240e5f1[
  ContentRole[name=readers,inherit=true,allowForAll=false]
  ContentRole[name=authors,inherit=true,allowForAll=false]
  ContentRole[name=administrators,inherit=true,allowForAll=false]
  ContentRole[name=denyReaders,inherit=false,allowForAll=false]
  ContentRole[name=denyAuthors,inherit=false,allowForAll=false]
  ContentRole[name=denyAdministrators,inherit=false,allowForAll=false]
  securityVector=15:SEC_PUBLIC=true,SEC_CREATOR_ADMIN=false,SEC_INH_ADMIN=true,SEC_INH_EDITOR=true,SEC_INH_VIEWER=true,SEC_ALL_ADMIN=false,SEC_ALL_EDITOR=false,SEC_ALL_VIEWER=false
]
2019-09-18 08:29:06.392 DEBUG content 4403 _a-0000e236-2bab-8000-23f0-01ef9001ef90_23015 Processing reference: ContentRole[name=readers,inherit=true,allowForAll=false]
2019-09-18 08:29:06.392 DEBUG content 4403 _a-0000e236-2bab-8000-23f0-01ef9001ef90_23015 Processing reference: ContentRole[name=authors,inherit=true,allowForAll=false]
2019-09-18 08:29:06.393 DEBUG content 4403 _a-0000e236-2bab-8000-23f0-01ef9001ef90_23015 Processing reference: ContentRole[name=administrators,inherit=true,allowForAll=false]
2019-09-18 08:29:06.393 DEBUG content 4403 _a-0000e236-2bab-8000-23f0-01ef9001ef90_23015 Processing reference: ContentRole[name=denyReaders,inherit=false,allowForAll=false]
2019-09-18 08:29:06.393 DEBUG content 4403 _a-0000e236-2bab-8000-23f0-01ef9001ef90_23015 Processing reference: ContentRole[name=denyAuthors,inherit=false,allowForAll=false]
2019-09-18 08:29:06.393 DEBUG content 4403 _a-0000e236-2bab-8000-23f0-01ef9001ef90_23015 Processing reference: ContentRole[name=denyAdministrators,inherit=false,allowForAll=false]
2019-09-18 08:29:06.393 DEBUG content 4403 _a-0000e236-2bab-8000-23f0-01ef9001ef90_23015 Completing produce.
2019-09-18 08:29:06.393 DEBUG content 4403 _a-0000e236-2bab-8000-23f0-01ef9001ef90_23015 Exporting binary resources.
2019-09-18 08:29:06.393 DEBUG content 4403 _a-0000e236-2bab-8000-23f0-01ef9001ef90_23015 Serializing object to XML.
2019-09-18 08:29:06.394 DEBUG content 4403 _a-0000e236-2bab-8000-23f0-01ef9001ef90_23015 Object transported.
2019-09-18 08:29:06.394 DEBUG content 4402 _a-0000e236-2bab-8000-23f0-01ef9001ef90_23014 Begin transport.
2019-09-18 08:29:06.394 DEBUG content 4402 _a-0000e236-2bab-8000-23f0-01ef9001ef90_23014 Retrieving object data.
2019-09-18 08:29:06.442 DEBUG content 4402 _a-0000e236-2bab-8000-23f0-01ef9001ef90_23014 Setting uuids of object references.
2019-09-18 08:29:06.442 DEBUG content 4402 _a-0000e236-2bab-8000-23f0-01ef9001ef90_23014 Processing reference: Document.forum
2019-09-18 08:29:06.442 DEBUG content 4402 _a-0000e236-2bab-8000-23f0-01ef9001ef90_23014 Processing reference: Document.parent
2019-09-18 08:29:06.445 DEBUG content 4402 _a-0000e236-2bab-8000-23f0-01ef9001ef90_23014 Processing reference: com.appiancorp.suiteapi.content.ContentRoleMap@2c5acc13[
  ContentRole[name=readers,inherit=true,allowForAll=false]
  ContentRole[name=authors,inherit=true,allowForAll=false]
  ContentRole[name=administrators,inherit=true,allowForAll=false]
  ContentRole[name=denyReaders,inherit=false,allowForAll=false]
  ContentRole[name=denyAuthors,inherit=false,allowForAll=false]
  ContentRole[name=denyAdministrators,inherit=false,allowForAll=false]
  securityVector=15:SEC_PUBLIC=true,SEC_CREATOR_ADMIN=false,SEC_INH_ADMIN=true,SEC_INH_EDITOR=true,SEC_INH_VIEWER=true,SEC_ALL_ADMIN=false,SEC_ALL_EDITOR=false,SEC_ALL_VIEWER=false
]
2019-09-18 08:29:06.445 DEBUG content 4402 _a-0000e236-2bab-8000-23f0-01ef9001ef90_23014 Processing reference: ContentRole[name=readers,inherit=true,allowForAll=false]
2019-09-18 08:29:06.446 DEBUG content 4402 _a-0000e236-2bab-8000-23f0-01ef9001ef90_23014 Processing reference: ContentRole[name=authors,inherit=true,allowForAll=false]
2019-09-18 08:29:06.446 DEBUG content 4402 _a-0000e236-2bab-8000-23f0-01ef9001ef90_23014 Processing reference: ContentRole[name=administrators,inherit=true,allowForAll=false]
2019-09-18 08:29:06.446 DEBUG content 4402 _a-0000e236-2bab-8000-23f0-01ef9001ef90_23014 Processing reference: ContentRole[name=denyReaders,inherit=false,allowForAll=false]
2019-09-18 08:29:06.446 DEBUG content 4402 _a-0000e236-2bab-8000-23f0-01ef9001ef90_23014 Processing reference: ContentRole[name=denyAuthors,inherit=false,allowForAll=false]
2019-09-18 08:29:06.446 DEBUG content 4402 _a-0000e236-2bab-8000-23f0-01ef9001ef90_23014 Processing reference: ContentRole[name=denyAdministrators,inherit=false,allowForAll=false]
2019-09-18 08:29:06.446 DEBUG content 4402 _a-0000e236-2bab-8000-23f0-01ef9001ef90_23014 Completing produce.
2019-09-18 08:29:06.446 DEBUG content 4402 _a-0000e236-2bab-8000-23f0-01ef9001ef90_23014 Exporting binary resources.
2019-09-18 08:29:06.459 DEBUG content 4402 _a-0000e236-2bab-8000-23f0-01ef9001ef90_23014 Serializing object to XML.
2019-09-18 08:29:06.46 DEBUG content 4402 _a-0000e236-2bab-8000-23f0-01ef9001ef90_23014 Object transported.
2019-09-18 08:29:06.46 DEBUG content 4404 _a-0000e236-2bab-8000-23f0-01ef9001ef90_23034 Begin transport.
2019-09-18 08:29:06.46 DEBUG content 4404 _a-0000e236-2bab-8000-23f0-01ef9001ef90_23034 Retrieving object data.
2019-09-18 08:29:06.469 DEBUG content 4404 _a-0000e236-2bab-8000-23f0-01ef9001ef90_23034 Setting uuids of object references.
2019-09-18 08:29:06.469 DEBUG content 4404 _a-0000e236-2bab-8000-23f0-01ef9001ef90_23034 Processing reference: Document.forum
2019-09-18 08:29:06.47 DEBUG content 4404 _a-0000e236-2bab-8000-23f0-01ef9001ef90_23034 Processing reference: Document.parent
2019-09-18 08:29:06.472 DEBUG content 4404 _a-0000e236-2bab-8000-23f0-01ef9001ef90_23034 Processing reference: com.appiancorp.suiteapi.content.ContentRoleMap@65b1d19[
  ContentRole[name=readers,inherit=true,allowForAll=false]
  ContentRole[name=authors,inherit=true,allowForAll=false]
  ContentRole[name=administrators,inherit=true,allowForAll=false]
  ContentRole[name=denyReaders,inherit=false,allowForAll=false]
  ContentRole[name=denyAuthors,inherit=false,allowForAll=false]
  ContentRole[name=denyAdministrators,inherit=false,allowForAll=false]
  securityVector=15:SEC_PUBLIC=true,SEC_CREATOR_ADMIN=false,SEC_INH_ADMIN=true,SEC_INH_EDITOR=true,SEC_INH_VIEWER=true,SEC_ALL_ADMIN=false,SEC_ALL_EDITOR=false,SEC_ALL_VIEWER=false
]
2019-09-18 08:29:06.473 DEBUG content 4404 _a-0000e236-2bab-8000-23f0-01ef9001ef90_23034 Processing reference: ContentRole[name=readers,inherit=true,allowForAll=false]
2019-09-18 08:29:06.473 DEBUG content 4404 _a-0000e236-2bab-8000-23f0-01ef9001ef90_23034 Processing reference: ContentRole[name=authors,inherit=true,allowForAll=false]
2019-09-18 08:29:06.473 DEBUG content 4404 _a-0000e236-2bab-8000-23f0-01ef9001ef90_23034 Processing reference: ContentRole[name=administrators,inherit=true,allowForAll=false]
2019-09-18 08:29:06.473 DEBUG content 4404 _a-0000e236-2bab-8000-23f0-01ef9001ef90_23034 Processing reference: ContentRole[name=denyReaders,inherit=false,allowForAll=false]
2019-09-18 08:29:06.473 DEBUG content 4404 _a-0000e236-2bab-8000-23f0-01ef9001ef90_23034 Processing reference: ContentRole[name=denyAuthors,inherit=false,allowForAll=false]
2019-09-18 08:29:06.473 DEBUG content 4404 _a-0000e236-2bab-8000-23f0-01ef9001ef90_23034 Processing reference: ContentRole[name=denyAdministrators,inherit=false,allowForAll=false]
2019-09-18 08:29:06.473 DEBUG content 4404 _a-0000e236-2bab-8000-23f0-01ef9001ef90_23034 Completing produce.
2019-09-18 08:29:06.473 DEBUG content 4404 _a-0000e236-2bab-8000-23f0-01ef9001ef90_23034 Exporting binary resources.
2019-09-18 08:29:06.481 DEBUG content 4404 _a-0000e236-2bab-8000-23f0-01ef9001ef90_23034 Serializing object to XML.
2019-09-18 08:29:06.482 DEBUG content 4404 _a-0000e236-2bab-8000-23f0-01ef9001ef90_23034 Object transported.
2019-09-18 08:29:06.482 DEBUG content 5022 _a-0000e236-2bab-8000-23f0-01ef9001ef90_24769 Begin transport.
2019-09-18 08:29:06.482 DEBUG content 5022 _a-0000e236-2bab-8000-23f0-01ef9001ef90_24769 Retrieving object data.
2019-09-18 08:29:06.493 DEBUG content 5022 _a-0000e236-2bab-8000-23f0-01ef9001ef90_24769 Setting uuids of object references.
2019-09-18 08:29:06.493 DEBUG content 5022 _a-0000e236-2bab-8000-23f0-01ef9001ef90_24769 Processing reference: [Content:id=4990,versionId=-1,name=TMS_expRule,type=32,subtype=1,uuid=_a-0000e236-2bab-8000-23f0-01ef9001ef90_24769,parent=4186]
2019-09-18 08:29:06.493 DEBUG content 5022 _a-0000e236-2bab-8000-23f0-01ef9001ef90_24769 Processing reference: FreeformRule.forum
2019-09-18 08:29:06.493 DEBUG content 5022 _a-0000e236-2bab-8000-23f0-01ef9001ef90_24769 Processing reference: FreeformRule.parent
2019-09-18 08:29:06.497 DEBUG content 5022 _a-0000e236-2bab-8000-23f0-01ef9001ef90_24769 Processing reference: com.appiancorp.suiteapi.content.ContentRoleMap@44742b9b[
  ContentRole[name=readers,inherit=true,allowForAll=false]
  ContentRole[name=authors,inherit=true,allowForAll=false]
  ContentRole[name=administrators,inherit=true,allowForAll=false]
  ContentRole[name=denyReaders,inherit=false,allowForAll=false]
  ContentRole[name=denyAuthors,inherit=false,allowForAll=false]
  ContentRole[name=denyAdministrators,inherit=false,allowForAll=false]
  securityVector=15:SEC_PUBLIC=true,SEC_CREATOR_ADMIN=false,SEC_INH_ADMIN=true,SEC_INH_EDITOR=true,SEC_INH_VIEWER=true,SEC_ALL_ADMIN=false,SEC_ALL_EDITOR=false,SEC_ALL_VIEWER=false
]
2019-09-18 08:29:06.497 DEBUG content 5022 _a-0000e236-2bab-8000-23f0-01ef9001ef90_24769 Processing reference: ContentRole[name=readers,inherit=true,allowForAll=false]
2019-09-18 08:29:06.497 DEBUG content 5022 _a-0000e236-2bab-8000-23f0-01ef9001ef90_24769 Processing reference: ContentRole[name=authors,inherit=true,allowForAll=false]
2019-09-18 08:29:06.497 DEBUG content 5022 _a-0000e236-2bab-8000-23f0-01ef9001ef90_24769 Processing reference: ContentRole[name=administrators,inherit=true,allowForAll=false]
2019-09-18 08:29:06.497 DEBUG content 5022 _a-0000e236-2bab-8000-23f0-01ef9001ef90_24769 Processing reference: ContentRole[name=denyReaders,inherit=false,allowForAll=false]
2019-09-18 08:29:06.497 DEBUG content 5022 _a-0000e236-2bab-8000-23f0-01ef9001ef90_24769 Processing reference: ContentRole[name=denyAuthors,inherit=false,allowForAll=false]
2019-09-18 08:29:06.497 DEBUG content 5022 _a-0000e236-2bab-8000-23f0-01ef9001ef90_24769 Processing reference: ContentRole[name=denyAdministrators,inherit=false,allowForAll=false]
2019-09-18 08:29:06.497 DEBUG content 5022 _a-0000e236-2bab-8000-23f0-01ef9001ef90_24769 Completing produce.
2019-09-18 08:29:06.497 DEBUG content 5022 _a-0000e236-2bab-8000-23f0-01ef9001ef90_24769 Exporting binary resources.
2019-09-18 08:29:06.497 DEBUG content 5022 _a-0000e236-2bab-8000-23f0-01ef9001ef90_24769 Serializing object to XML.
2019-09-18 08:29:06.498 DEBUG content 5022 _a-0000e236-2bab-8000-23f0-01ef9001ef90_24769 Object transported.
2019-09-18 08:29:06.498 DEBUG content 5061 _a-0000e267-fed0-8000-23f0-01ef9001ef90_26768 Begin transport.
2019-09-18 08:29:06.498 DEBUG content 5061 _a-0000e267-fed0-8000-23f0-01ef9001ef90_26768 Retrieving object data.
2019-09-18 08:29:06.508 DEBUG content 5061 _a-0000e267-fed0-8000-23f0-01ef9001ef90_26768 Setting uuids of object references.
2019-09-18 08:29:06.509 DEBUG content 5061 _a-0000e267-fed0-8000-23f0-01ef9001ef90_26768 Processing reference: [Content:id=5060,versionId=-1,name=test,type=32,subtype=6,uuid=_a-0000e267-fed0-8000-23f0-01ef9001ef90_26768,parent=4186]
2019-09-18 08:29:06.515 DEBUG content 5061 _a-0000e267-fed0-8000-23f0-01ef9001ef90_26768 Processing reference: Interface.forum
2019-09-18 08:29:06.515 DEBUG content 5061 _a-0000e267-fed0-8000-23f0-01ef9001ef90_26768 Processing reference: TypedVariable[name=cancel,it=26,v=<null>]
2019-09-18 08:29:06.515 DEBUG content 5061 _a-0000e267-fed0-8000-23f0-01ef9001ef90_26768 Processing reference: Interface.parent
2019-09-18 08:29:06.518 DEBUG content 5061 _a-0000e267-fed0-8000-23f0-01ef9001ef90_26768 Processing reference: com.appiancorp.suiteapi.content.ContentRoleMap@5b892f7a[
  ContentRole[name=readers,inherit=true,allowForAll=false]
  ContentRole[name=authors,inherit=true,allowForAll=false]
  ContentRole[name=administrators,inherit=true,allowForAll=false]
  ContentRole[name=denyReaders,inherit=false,allowForAll=false]
  ContentRole[name=denyAuthors,inherit=false,allowForAll=false]
  ContentRole[name=denyAdministrators,inherit=false,allowForAll=false]
  securityVector=15:SEC_PUBLIC=true,SEC_CREATOR_ADMIN=false,SEC_INH_ADMIN=true,SEC_INH_EDITOR=true,SEC_INH_VIEWER=true,SEC_ALL_ADMIN=false,SEC_ALL_EDITOR=false,SEC_ALL_VIEWER=false
]
2019-09-18 08:29:06.518 DEBUG content 5061 _a-0000e267-fed0-8000-23f0-01ef9001ef90_26768 Processing reference: ContentRole[name=readers,inherit=true,allowForAll=false]
2019-09-18 08:29:06.518 DEBUG content 5061 _a-0000e267-fed0-8000-23f0-01ef9001ef90_26768 Processing reference: ContentRole[name=authors,inherit=true,allowForAll=false]
2019-09-18 08:29:06.518 DEBUG content 5061 _a-0000e267-fed0-8000-23f0-01ef9001ef90_26768 Processing reference: ContentRole[name=administrators,inherit=true,allowForAll=false]
2019-09-18 08:29:06.518 DEBUG content 5061 _a-0000e267-fed0-8000-23f0-01ef9001ef90_26768 Processing reference: ContentRole[name=denyReaders,inherit=false,allowForAll=false]
2019-09-18 08:29:06.518 DEBUG content 5061 _a-0000e267-fed0-8000-23f0-01ef9001ef90_26768 Processing reference: ContentRole[name=denyAuthors,inherit=false,allowForAll=false]
2019-09-18 08:29:06.519 DEBUG content 5061 _a-0000e267-fed0-8000-23f0-01ef9001ef90_26768 Processing reference: ContentRole[name=denyAdministrators,inherit=false,allowForAll=false]
2019-09-18 08:29:06.519 DEBUG content 5061 _a-0000e267-fed0-8000-23f0-01ef9001ef90_26768 Completing produce.
2019-09-18 08:29:06.519 DEBUG content 5061 _a-0000e267-fed0-8000-23f0-01ef9001ef90_26768 Exporting binary resources.
2019-09-18 08:29:06.519 DEBUG content 5061 _a-0000e267-fed0-8000-23f0-01ef9001ef90_26768 Serializing object to XML.
2019-09-18 08:29:06.522 DEBUG content 5061 _a-0000e267-fed0-8000-23f0-01ef9001ef90_26768 Object transported.
2019-09-18 08:29:06.524 DEBUG processModelFolder 2 _g-0000e21d-e06a-8000-7d4f-014d98014d98_16 Begin transport.
2019-09-18 08:29:06.524 DEBUG processModelFolder 2 _g-0000e21d-e06a-8000-7d4f-014d98014d98_16 Retrieving object data.
2019-09-18 08:29:06.527 DEBUG processModelFolder 2 _g-0000e21d-e06a-8000-7d4f-014d98014d98_16 Setting uuids of object references.
2019-09-18 08:29:06.527 DEBUG processModelFolder 2 _g-0000e21d-e06a-8000-7d4f-014d98014d98_16 Processing reference: ProcessModelFolder.parentFolderId
2019-09-18 08:29:06.527 DEBUG processModelFolder 2 _g-0000e21d-e06a-8000-7d4f-014d98014d98_16 Processing reference: com.appiancorp.suiteapi.process.ProcessRoleMap@aa37f30[
  Role[name=ADMIN_OWNER]
  Role[name=EDITOR]
  Role[name=EXPLICIT_NONMEMBER]
  Role[name=VIEWER]
  Role[name=MANAGER]
  Role[name=INITIATOR]
]
2019-09-18 08:29:06.527 DEBUG processModelFolder 2 _g-0000e21d-e06a-8000-7d4f-014d98014d98_16 Processing reference: Role[name=ADMIN_OWNER]
2019-09-18 08:29:06.527 DEBUG processModelFolder 2 _g-0000e21d-e06a-8000-7d4f-014d98014d98_16 Processing reference: Role[name=EDITOR]
2019-09-18 08:29:06.527 DEBUG processModelFolder 2 _g-0000e21d-e06a-8000-7d4f-014d98014d98_16 Processing reference: Role[name=EXPLICIT_NONMEMBER]
2019-09-18 08:29:06.527 DEBUG processModelFolder 2 _g-0000e21d-e06a-8000-7d4f-014d98014d98_16 Processing reference: Role[name=VIEWER]
2019-09-18 08:29:06.528 DEBUG processModelFolder 2 _g-0000e21d-e06a-8000-7d4f-014d98014d98_16 Processing reference: Role[name=MANAGER]
2019-09-18 08:29:06.528 DEBUG processModelFolder 2 _g-0000e21d-e06a-8000-7d4f-014d98014d98_16 Processing reference: Role[name=INITIATOR]
2019-09-18 08:29:06.528 DEBUG processModelFolder 2 _g-0000e21d-e06a-8000-7d4f-014d98014d98_16 Completing produce.
2019-09-18 08:29:06.528 DEBUG processModelFolder 2 _g-0000e21d-e06a-8000-7d4f-014d98014d98_16 Exporting binary resources.
2019-09-18 08:29:06.528 DEBUG processModelFolder 2 _g-0000e21d-e06a-8000-7d4f-014d98014d98_16 Serializing object to XML.
2019-09-18 08:29:06.528 DEBUG processModelFolder 2 _g-0000e21d-e06a-8000-7d4f-014d98014d98_16 Object transported.
2019-09-18 08:29:06.53 DEBUG processModel 6 0002e22b-0439-8000-7d4f-014d98014d98 Begin transport.
2019-09-18 08:29:06.53 DEBUG processModel 6 0002e22b-0439-8000-7d4f-014d98014d98 Retrieving object data.
2019-09-18 08:29:06.667 DEBUG processModel 6 0002e22b-0439-8000-7d4f-014d98014d98 Setting uuids of object references.
2019-09-18 08:29:06.667 DEBUG processModel 6 0002e22b-0439-8000-7d4f-014d98014d98 Processing reference: ProcessModelHaul.folderId
2019-09-18 08:29:06.669 DEBUG processModel 6 0002e22b-0439-8000-7d4f-014d98014d98 Processing reference: ProcessModelHaul.modelDashboardPageId
2019-09-18 08:29:06.669 DEBUG processModel 6 0002e22b-0439-8000-7d4f-014d98014d98 Processing reference: ProcessModelHaul.processDashboardPageId
2019-09-18 08:29:06.669 DEBUG processModel 6 0002e22b-0439-8000-7d4f-014d98014d98 Processing reference: ProcessModel.emailAttachmentFolderId
2019-09-18 08:29:06.67 DEBUG processModel 6 0002e22b-0439-8000-7d4f-014d98014d98 Processing reference: ActivityClassParameter[name=pmID,it=23,v=<null>]
2019-09-18 08:29:06.671 DEBUG processModel 6 0002e22b-0439-8000-7d4f-014d98014d98 Processing reference: ActivityClassParameter[name=inMap,it=111,v={}]
2019-09-18 08:29:06.671 DEBUG processModel 6 0002e22b-0439-8000-7d4f-014d98014d98 Processing reference: ActivityClassParameter[name=procInheritsPriority,it=1,v=1]
2019-09-18 08:29:06.671 DEBUG processModel 6 0002e22b-0439-8000-7d4f-014d98014d98 Processing reference: ActivityClassParameter[name=pmUUID,it=3,v=]
2019-09-18 08:29:06.671 DEBUG processModel 6 0002e22b-0439-8000-7d4f-014d98014d98 Processing reference: ActivityClassParameter[name=isAsynchronous,it=26,v=1]
2019-09-18 08:29:06.671 DEBUG processModel 6 0002e22b-0439-8000-7d4f-014d98014d98 Processing reference: ActivityClassParameter[name=isTransparent,it=26,v=1]
2019-09-18 08:29:06.671 DEBUG processModel 6 0002e22b-0439-8000-7d4f-014d98014d98 Processing reference: ActivityClassParameter[name=inheritSecurity,it=26,v=0]
2019-09-18 08:29:06.672 DEBUG processModel 6 0002e22b-0439-8000-7d4f-014d98014d98 Processing reference: com.appiancorp.suiteapi.process.ProcessRoleMap@28d80a23[
  Role[name=ADMIN_OWNER]
  Role[name=EDITOR]
  Role[name=EXPLICIT_NONMEMBER]
  Role[name=VIEWER]
  Role[name=MANAGER]
  Role[name=INITIATOR]
]
2019-09-18 08:29:06.672 DEBUG processModel 6 0002e22b-0439-8000-7d4f-014d98014d98 Processing reference: Role[name=ADMIN_OWNER]
2019-09-18 08:29:06.672 DEBUG processModel 6 0002e22b-0439-8000-7d4f-014d98014d98 Processing reference: Role[name=EDITOR]
2019-09-18 08:29:06.672 DEBUG processModel 6 0002e22b-0439-8000-7d4f-014d98014d98 Processing reference: Role[name=EXPLICIT_NONMEMBER]
2019-09-18 08:29:06.672 DEBUG processModel 6 0002e22b-0439-8000-7d4f-014d98014d98 Processing reference: Role[name=VIEWER]
2019-09-18 08:29:06.672 DEBUG processModel 6 0002e22b-0439-8000-7d4f-014d98014d98 Processing reference: Role[name=MANAGER]
2019-09-18 08:29:06.672 DEBUG processModel 6 0002e22b-0439-8000-7d4f-014d98014d98 Processing reference: Role[name=INITIATOR]
2019-09-18 08:29:06.675 DEBUG processModel 6 0002e22b-0439-8000-7d4f-014d98014d98 Completing produce.
2019-09-18 08:29:06.675 DEBUG processModel 6 0002e22b-0439-8000-7d4f-014d98014d98 Exporting binary resources.
2019-09-18 08:29:06.675 DEBUG processModel 6 0002e22b-0439-8000-7d4f-014d98014d98 Serializing object to XML.
2019-09-18 08:29:06.681 DEBUG processModel 6 0002e22b-0439-8000-7d4f-014d98014d98 Object transported.
2019-09-18 08:29:06.681 DEBUG processModel 7 0002e235-dc96-8000-7d4f-014d98014d98 Begin transport.
2019-09-18 08:29:06.682 DEBUG processModel 7 0002e235-dc96-8000-7d4f-014d98014d98 Retrieving object data.
2019-09-18 08:29:06.739 DEBUG processModel 7 0002e235-dc96-8000-7d4f-014d98014d98 Setting uuids of object references.
2019-09-18 08:29:06.739 DEBUG processModel 7 0002e235-dc96-8000-7d4f-014d98014d98 Processing reference: ProcessModelHaul.folderId
2019-09-18 08:29:06.741 DEBUG processModel 7 0002e235-dc96-8000-7d4f-014d98014d98 Processing reference: ProcessModelHaul.modelDashboardPageId
2019-09-18 08:29:06.741 DEBUG processModel 7 0002e235-dc96-8000-7d4f-014d98014d98 Processing reference: ProcessModelHaul.processDashboardPageId
2019-09-18 08:29:06.741 DEBUG processModel 7 0002e235-dc96-8000-7d4f-014d98014d98 Processing reference: ProcessModel.emailAttachmentFolderId
2019-09-18 08:29:06.743 DEBUG processModel 7 0002e235-dc96-8000-7d4f-014d98014d98 Processing reference: ActivityClassParameter[name=pmID,it=23,v=<null>]
2019-09-18 08:29:06.743 DEBUG processModel 7 0002e235-dc96-8000-7d4f-014d98014d98 Processing reference: ActivityClassParameter[name=inMap,it=111,v={}]
2019-09-18 08:29:06.743 DEBUG processModel 7 0002e235-dc96-8000-7d4f-014d98014d98 Processing reference: ActivityClassParameter[name=procInheritsPriority,it=1,v=1]
2019-09-18 08:29:06.743 DEBUG processModel 7 0002e235-dc96-8000-7d4f-014d98014d98 Processing reference: ActivityClassParameter[name=pmUUID,it=3,v=]
2019-09-18 08:29:06.743 DEBUG processModel 7 0002e235-dc96-8000-7d4f-014d98014d98 Processing reference: ActivityClassParameter[name=isAsynchronous,it=26,v=1]
2019-09-18 08:29:06.743 DEBUG processModel 7 0002e235-dc96-8000-7d4f-014d98014d98 Processing reference: ActivityClassParameter[name=isTransparent,it=26,v=1]
2019-09-18 08:29:06.744 DEBUG processModel 7 0002e235-dc96-8000-7d4f-014d98014d98 Processing reference: ActivityClassParameter[name=inheritSecurity,it=26,v=0]
2019-09-18 08:29:06.744 DEBUG processModel 7 0002e235-dc96-8000-7d4f-014d98014d98 Processing reference: ProcessVariable[name=docId,it=13,v=<null>]
2019-09-18 08:29:06.744 DEBUG processModel 7 0002e235-dc96-8000-7d4f-014d98014d98 Processing reference: com.appiancorp.suiteapi.process.ProcessRoleMap@43916147[
  Role[name=ADMIN_OWNER]
  Role[name=EDITOR]
  Role[name=EXPLICIT_NONMEMBER]
  Role[name=VIEWER]
  Role[name=MANAGER]
  Role[name=INITIATOR]
]
2019-09-18 08:29:06.744 DEBUG processModel 7 0002e235-dc96-8000-7d4f-014d98014d98 Processing reference: Role[name=ADMIN_OWNER]
2019-09-18 08:29:06.744 DEBUG processModel 7 0002e235-dc96-8000-7d4f-014d98014d98 Processing reference: Role[name=EDITOR]
2019-09-18 08:29:06.744 DEBUG processModel 7 0002e235-dc96-8000-7d4f-014d98014d98 Processing reference: Role[name=EXPLICIT_NONMEMBER]
2019-09-18 08:29:06.744 DEBUG processModel 7 0002e235-dc96-8000-7d4f-014d98014d98 Processing reference: Role[name=VIEWER]
2019-09-18 08:29:06.744 DEBUG processModel 7 0002e235-dc96-8000-7d4f-014d98014d98 Processing reference: Role[name=MANAGER]
2019-09-18 08:29:06.745 DEBUG processModel 7 0002e235-dc96-8000-7d4f-014d98014d98 Processing reference: Role[name=INITIATOR]
2019-09-18 08:29:06.745 DEBUG processModel 7 0002e235-dc96-8000-7d4f-014d98014d98 Completing produce.
2019-09-18 08:29:06.745 DEBUG processModel 7 0002e235-dc96-8000-7d4f-014d98014d98 Exporting binary resources.
2019-09-18 08:29:06.745 DEBUG processModel 7 0002e235-dc96-8000-7d4f-014d98014d98 Serializing object to XML.
2019-09-18 08:29:06.752 DEBUG processModel 7 0002e235-dc96-8000-7d4f-014d98014d98 Object transported.
2019-09-18 08:29:06.757 DEBUG webApi 9 cac8d10a-4e25-4a08-9f98-c0acf9208dd0 Begin transport.
2019-09-18 08:29:06.757 DEBUG webApi 9 cac8d10a-4e25-4a08-9f98-c0acf9208dd0 Retrieving object data.
2019-09-18 08:29:06.784 DEBUG webApi 9 cac8d10a-4e25-4a08-9f98-c0acf9208dd0 Setting uuids of object references.
2019-09-18 08:29:06.784 DEBUG webApi 9 cac8d10a-4e25-4a08-9f98-c0acf9208dd0 Processing reference: Role[name=web_api_administrator,usernames=[simranjits]]
2019-09-18 08:29:06.786 DEBUG webApi 9 cac8d10a-4e25-4a08-9f98-c0acf9208dd0 Processing reference: WebApi.expression
2019-09-18 08:29:06.788 DEBUG webApi 9 cac8d10a-4e25-4a08-9f98-c0acf9208dd0 Completing produce.
2019-09-18 08:29:06.788 DEBUG webApi 9 cac8d10a-4e25-4a08-9f98-c0acf9208dd0 Exporting binary resources.
2019-09-18 08:29:06.788 DEBUG webApi 9 cac8d10a-4e25-4a08-9f98-c0acf9208dd0 Serializing object to XML.
2019-09-18 08:29:06.791 DEBUG webApi 9 cac8d10a-4e25-4a08-9f98-c0acf9208dd0 Object transported.
2019-09-18 08:29:06.791 DEBUG webApi 10 fd00e0ac-1cd3-4b7b-abbf-e3967f307e00 Begin transport.
2019-09-18 08:29:06.791 DEBUG webApi 10 fd00e0ac-1cd3-4b7b-abbf-e3967f307e00 Retrieving object data.
2019-09-18 08:29:06.805 DEBUG webApi 10 fd00e0ac-1cd3-4b7b-abbf-e3967f307e00 Setting uuids of object references.
2019-09-18 08:29:06.805 DEBUG webApi 10 fd00e0ac-1cd3-4b7b-abbf-e3967f307e00 Processing reference: WebApi.expression
2019-09-18 08:29:06.805 DEBUG webApi 10 fd00e0ac-1cd3-4b7b-abbf-e3967f307e00 Completing produce.
2019-09-18 08:29:06.805 DEBUG webApi 10 fd00e0ac-1cd3-4b7b-abbf-e3967f307e00 Exporting binary resources.
2019-09-18 08:29:06.805 DEBUG webApi 10 fd00e0ac-1cd3-4b7b-abbf-e3967f307e00 Serializing object to XML.
2019-09-18 08:29:06.805 DEBUG webApi 10 fd00e0ac-1cd3-4b7b-abbf-e3967f307e00 Object transported.
2019-09-18 08:29:06.809 DEBUG site 1 3e063723-fc4a-47c0-ac90-75933c7e43ec Begin transport.
2019-09-18 08:29:06.809 DEBUG site 1 3e063723-fc4a-47c0-ac90-75933c7e43ec Retrieving object data.
2019-09-18 08:29:06.821 DEBUG site 1 3e063723-fc4a-47c0-ac90-75933c7e43ec Setting uuids of object references.
2019-09-18 08:29:06.832 DEBUG site 1 3e063723-fc4a-47c0-ac90-75933c7e43ec Processing reference: SiteTemplate.accentColorExpr
2019-09-18 08:29:06.832 DEBUG site 1 3e063723-fc4a-47c0-ac90-75933c7e43ec Processing reference: SiteTemplate.faviconExpr
2019-09-18 08:29:06.832 DEBUG site 1 3e063723-fc4a-47c0-ac90-75933c7e43ec Processing reference: SiteTemplate.faviconRef
2019-09-18 08:29:06.832 DEBUG site 1 3e063723-fc4a-47c0-ac90-75933c7e43ec Processing reference: SiteTemplate.headerBackgroundColorExpr
2019-09-18 08:29:06.832 DEBUG site 1 3e063723-fc4a-47c0-ac90-75933c7e43ec Processing reference: SiteTemplate.logoExpr
2019-09-18 08:29:06.832 DEBUG site 1 3e063723-fc4a-47c0-ac90-75933c7e43ec Processing reference: SiteTemplate.logoRef
2019-09-18 08:29:06.838 DEBUG site 1 3e063723-fc4a-47c0-ac90-75933c7e43ec Processing reference: SitePage.uiObject
2019-09-18 08:29:06.843 DEBUG site 1 3e063723-fc4a-47c0-ac90-75933c7e43ec Processing reference: SitePage.visibilityExpr
2019-09-18 08:29:06.843 DEBUG site 1 3e063723-fc4a-47c0-ac90-75933c7e43ec Processing reference: SiteTemplate.selectedTabBackgroundColorExpr
2019-09-18 08:29:06.843 DEBUG site 1 3e063723-fc4a-47c0-ac90-75933c7e43ec Processing reference: SiteTemplate.tempoLinkViewerRefsFromUuids
2019-09-18 08:29:06.844 DEBUG site 1 3e063723-fc4a-47c0-ac90-75933c7e43ec Completing produce.
2019-09-18 08:29:06.844 DEBUG site 1 3e063723-fc4a-47c0-ac90-75933c7e43ec Exporting binary resources.
2019-09-18 08:29:06.844 DEBUG site 1 3e063723-fc4a-47c0-ac90-75933c7e43ec Serializing object to XML.
2019-09-18 08:29:06.93 DEBUG site 1 3e063723-fc4a-47c0-ac90-75933c7e43ec Object transported.
2019-09-18 08:29:06.93 DEBUG application 4195 _a-0000e21d-e06a-8000-7d53-01ef9001ef90_32066 Completing produce.
2019-09-18 08:29:06.93 DEBUG application 4195 _a-0000e21d-e06a-8000-7d53-01ef9001ef90_32066 Exporting binary resources.
2019-09-18 08:29:06.93 DEBUG application 4195 _a-0000e21d-e06a-8000-7d53-01ef9001ef90_32066 Serializing object to XML.
2019-09-18 08:29:06.933 DEBUG application 4195 _a-0000e21d-e06a-8000-7d53-01ef9001ef90_32066 Object transported.
